Debug|Opening watch face 'C:\Users\lukas\Documents\luktvpl site\tarcza-lisek\program\WatchFace\minimal_pl_4-549091-76478193f8.bin'
Debug|Reading parameters...
Trace|Reading header...
Trace|Header was read:
Trace|Signature: UIHH, Unknown: 16777215, ParametersSize: 67, IsValid: True
Trace|Reading parameter offsets...
Trace|Parameter offsets were read from file
Trace|Reading parameters descriptor...
Trace|1 (0A): 5 bytes
Trace|    1 (08): 444 (1BC)
Trace|    2 (10): 109 (6D)
Trace|Parameters descriptor was read:
Trace|ParametrsTableLength: 444, ImagesCount: 109
Trace|Reading parameters locations...
Trace|2 (12): 4 bytes
Trace|    1 (08): 0 (00)
Trace|    2 (10): 26 (1A)
Trace|3 (1A): 4 bytes
Trace|    1 (08): 26 (1A)
Trace|    2 (10): 46 (2E)
Trace|5 (2A): 4 bytes
Trace|    1 (08): 72 (48)
Trace|    2 (10): 52 (34)
Trace|6 (32): 4 bytes
Trace|    1 (08): 124 (7C)
Trace|    2 (10): 117 (75)
Trace|8 (42): 5 bytes
Trace|    1 (08): 241 (F1)
Trace|    2 (10): 30 (1E)
Trace|9 (4A): 5 bytes
Trace|    1 (08): 271 (10F)
Trace|    2 (10): 24 (18)
Trace|11 (5A): 5 bytes
Trace|    1 (08): 295 (127)
Trace|    2 (10): 37 (25)
Trace|14 (72): 5 bytes
Trace|    1 (08): 332 (14C)
Trace|    2 (10): 62 (3E)
Info|[WARNING] Decompiling proccess, SKIPPED important bit. id:18
Trace|18 (92): 5 bytes
Trace|    1 (08): 394 (18A)
Trace|    2 (10): 50 (32)
Trace|Watch face parameters locations were read:
Trace|Reading descriptor for parameter 2
Trace|Descriptor offset: 0, Descriptor length: 26
Trace|Parsing descriptor for parameter 2...
Trace|2 (10): 0 (00)
Trace|3 (1A): 6 bytes
Trace|    1 (08): 18 (12)
Trace|    2 (10): 17 (11)
Trace|    3 (18): 108 (6C)
Trace|4 (22): 6 bytes
Trace|    1 (08): 18 (12)
Trace|    2 (10): 17 (11)
Trace|    3 (18): 108 (6C)
Trace|5 (2A): 6 bytes
Trace|    1 (08): 18 (12)
Trace|    2 (10): 17 (11)
Trace|    3 (18): 108 (6C)
Trace|Reading descriptor for parameter 3
Trace|Descriptor offset: 26, Descriptor length: 46
Trace|Parsing descriptor for parameter 3...
Trace|1 (0A): 20 bytes
Trace|    1 (0A): 8 bytes
Trace|        1 (08): 3 (03)
Trace|        2 (10): 66 (42)
Trace|        3 (18): 0 (00)
Trace|        4 (20): 10 (0A)
Trace|    2 (12): 8 bytes
Trace|        1 (08): 29 (1D)
Trace|        2 (10): 66 (42)
Trace|        3 (18): 0 (00)
Trace|        4 (20): 10 (0A)
Trace|2 (12): 20 bytes
Trace|    1 (0A): 8 bytes
Trace|        1 (08): 74 (4A)
Trace|        2 (10): 66 (42)
Trace|        3 (18): 0 (00)
Trace|        4 (20): 10 (0A)
Trace|    2 (12): 8 bytes
Trace|        1 (08): 102 (66)
Trace|        2 (10): 66 (42)
Trace|        3 (18): 0 (00)
Trace|        4 (20): 10 (0A)
Trace|11 (58): 0 (00)
Trace|Reading descriptor for parameter 5
Trace|Descriptor offset: 72, Descriptor length: 52
Trace|Parsing descriptor for parameter 5...
Trace|1 (0A): 50 bytes
Trace|    1 (0A): 44 bytes
Trace|        1 (0A): 20 bytes
Trace|            1 (08): 94 (5E)
Trace|            2 (10): 130 (82)
Trace|            3 (18): 111 (6F)
Trace|            4 (20): 146 (92)
Trace|            5 (28): 2 (02)
Trace|            6 (30): 2 (02)
Trace|            7 (38): 0 (00)
Trace|            8 (40): 56 (38)
Trace|            9 (48): 10 (0A)
Trace|        4 (22): 20 bytes
Trace|            1 (08): 59 (3B)
Trace|            2 (10): 130 (82)
Trace|            3 (18): 76 (4C)
Trace|            4 (20): 146 (92)
Trace|            5 (28): 4 (04)
Trace|            6 (30): 2 (02)
Trace|            7 (38): 0 (00)
Trace|            8 (40): 56 (38)
Trace|            9 (48): 10 (0A)
Trace|    4 (20): 1 (01)
Trace|    5 (28): 1 (01)
Trace|Reading descriptor for parameter 6
Trace|Descriptor offset: 124, Descriptor length: 117
Trace|Parsing descriptor for parameter 6...
Trace|1 (0A): 25 bytes
Trace|    2 (12): 9 bytes
Trace|        1 (08): 8 (08)
Trace|        2 (10): 175 (AF)
Trace|        3 (18): 82 (52)
Trace|        4 (20): 26 (1A)
Trace|    3 (1A): 5 bytes
Trace|        1 (08): 8 (08)
Trace|        2 (10): 175 (AF)
Trace|    4 (22): 5 bytes
Trace|        1 (08): 8 (08)
Trace|        2 (10): 175 (AF)
Trace|2 (12): 88 bytes
Trace|    1 (0A): 26 bytes
Trace|        1 (0A): 20 bytes
Trace|            1 (08): 42 (2A)
Trace|            2 (10): 263 (107)
Trace|            3 (18): 95 (5F)
Trace|            4 (20): 286 (11E)
Trace|            5 (28): 72 (48)
Trace|            6 (30): 1 (01)
Trace|            7 (38): 0 (00)
Trace|            8 (40): 11 (0B)
Trace|            9 (48): 10 (0A)
Trace|        2 (10): 21 (15)
Trace|        3 (18): 22 (16)
Trace|    2 (12): 58 bytes
Trace|        1 (0A): 56 bytes
Trace|            1 (0A): 26 bytes
Trace|                1 (0A): 20 bytes
Trace|                    1 (08): 82 (52)
Trace|                    2 (10): 171 (AB)
Trace|                    3 (18): 121 (79)
Trace|                    4 (20): 186 (BA)
Trace|                    5 (28): 4 (04)
Trace|                    6 (30): 0 (00)
Trace|                    7 (38): 0 (00)
Trace|                    8 (40): 68 (44)
Trace|                    9 (48): 10 (0A)
Trace|                2 (10): 81 (51)
Trace|                3 (18): 80 (50)
Trace|            2 (12): 26 bytes
Trace|                1 (0A): 20 bytes
Trace|                    1 (08): 82 (52)
Trace|                    2 (10): 210 (D2)
Trace|                    3 (18): 121 (79)
Trace|                    4 (20): 225 (E1)
Trace|                    5 (28): 4 (04)
Trace|                    6 (30): 0 (00)
Trace|                    7 (38): 0 (00)
Trace|                    8 (40): 27 (1B)
Trace|                    9 (48): 10 (0A)
Trace|                2 (10): 78 (4E)
Trace|                3 (18): 79 (4F)
Trace|Reading descriptor for parameter 8
Trace|Descriptor offset: 241, Descriptor length: 30
Trace|Parsing descriptor for parameter 8...
Trace|1 (0A): 8 bytes
Trace|    1 (0A): 4 bytes
Trace|        1 (08): 29 (1D)
Trace|        2 (10): 2 (02)
Trace|    2 (10): 25 (19)
Trace|2 (12): 8 bytes
Trace|    1 (0A): 4 bytes
Trace|        1 (08): 59 (3B)
Trace|        2 (10): 2 (02)
Trace|    3 (18): 24 (18)
Trace|3 (1A): 8 bytes
Trace|    1 (0A): 4 bytes
Trace|        1 (08): 0 (00)
Trace|        2 (10): 2 (02)
Trace|    2 (10): 23 (17)
Trace|Reading descriptor for parameter 9
Trace|Descriptor offset: 271, Descriptor length: 24
Trace|Parsing descriptor for parameter 9...
Trace|1 (0A): 22 bytes
Trace|    1 (0A): 18 bytes
Trace|        1 (08): 80 (50)
Trace|        2 (10): 3 (03)
Trace|        3 (18): 123 (7B)
Trace|        4 (20): 17 (11)
Trace|        5 (28): 4 (04)
Trace|        6 (30): 0 (00)
Trace|        7 (38): 0 (00)
Trace|        8 (40): 27 (1B)
Trace|        9 (48): 10 (0A)
Trace|    3 (18): 26 (1A)
Trace|Reading descriptor for parameter 11
Trace|Descriptor offset: 295, Descriptor length: 37
Trace|Parsing descriptor for parameter 11...
Trace|1 (0A): 16 bytes
Trace|    1 (0A): 8 bytes
Trace|        1 (08): 61 (3D)
Trace|        2 (10): 74 (4A)
Trace|        3 (18): 10 (0A)
Trace|        4 (20): 1 (01)
Trace|    2 (10): 0 (00)
Trace|    3 (18): 0 (00)
Trace|    4 (20): 1 (01)
Trace|1 (0A): 17 bytes
Trace|    1 (0A): 9 bytes
Trace|        1 (08): 82 (52)
Trace|        2 (10): 130 (82)
Trace|        3 (18): 66 (42)
Trace|        4 (20): 1 (01)
Trace|    2 (10): 0 (00)
Trace|    3 (18): 0 (00)
Trace|    4 (20): 1 (01)
Trace|Reading descriptor for parameter 14
Trace|Descriptor offset: 332, Descriptor length: 62
Trace|Parsing descriptor for parameter 14...
Trace|1 (0A): 7 bytes
Trace|    1 (08): 17 (11)
Trace|    2 (10): 130 (82)
Trace|    3 (18): 50 (32)
Trace|2 (12): 7 bytes
Trace|    1 (08): 17 (11)
Trace|    2 (10): 130 (82)
Trace|    3 (18): 51 (33)
Trace|3 (1A): 6 bytes
Trace|    1 (08): 17 (11)
Trace|    2 (10): 126 (7E)
Trace|    3 (18): 52 (34)
Trace|4 (22): 7 bytes
Trace|    1 (08): 17 (11)
Trace|    2 (10): 130 (82)
Trace|    3 (18): 53 (35)
Trace|5 (2A): 7 bytes
Trace|    1 (08): 17 (11)
Trace|    2 (10): 130 (82)
Trace|    3 (18): 54 (36)
Trace|6 (32): 7 bytes
Trace|    1 (08): 17 (11)
Trace|    2 (10): 129 (81)
Trace|    3 (18): 55 (37)
Trace|7 (3A): 7 bytes
Trace|    1 (08): 17 (11)
Trace|    2 (10): 130 (82)
Trace|    3 (18): 49 (31)
Trace|Reading descriptor for parameter 18
Trace|Descriptor offset: 394, Descriptor length: 50
Trace|Parsing descriptor for parameter 18...
Trace|1 (0A): 18 bytes
Trace|    1 (08): 59 (3B)
Trace|    2 (10): 35 (23)
Trace|    3 (18): 72 (48)
Trace|    4 (20): 49 (31)
Trace|    5 (28): 72 (48)
Trace|    6 (30): 1 (01)
Trace|    7 (38): 0 (00)
Trace|    8 (40): 37 (25)
Trace|    9 (48): 10 (0A)
Trace|2 (10): 47 (2F)
Trace|3 (1A): 6 bytes
Trace|    1 (08): 28 (1C)
Trace|    2 (10): 34 (22)
Trace|    3 (18): 48 (30)
Trace|4 (22): 6 bytes
Trace|    1 (08): 0 (00)
Trace|    2 (10): 0 (00)
Trace|    3 (18): 67 (43)
Trace|5 (2A): 6 bytes
Trace|    1 (08): 0 (00)
Trace|    2 (10): 0 (00)
Trace|    3 (18): 67 (43)
Trace|6 (30): 1 (01)
Trace|7 (38): 1 (01)
Trace|Reading resources offsets table with 109 elements (436 bytes)
Debug|Reading 109 resources...
Trace|Resource 0 offset: 1034, length: 2851...
Debug|Reading resource 0...
Trace|Color bit encoding: 27
Trace|Reading image header...
Trace|Image header was read:
Trace|Width: 21, Height: 45, RowLength: 63
Trace|BPP: 24, PaletteColors: 0, Transaparency: False
Trace|The image doesn't use a palette.
Trace|Resource 1 offset: 3885, length: 1636...
Debug|Reading resource 1...
Trace|Color bit encoding: 27
Trace|Reading image header...
Trace|Image header was read:
Trace|Width: 12, Height: 45, RowLength: 36
Trace|BPP: 24, PaletteColors: 0, Transaparency: False
Trace|The image doesn't use a palette.
Trace|Resource 2 offset: 5521, length: 2851...
Debug|Reading resource 2...
Trace|Color bit encoding: 27
Trace|Reading image header...
Trace|Image header was read:
Trace|Width: 21, Height: 45, RowLength: 63
Trace|BPP: 24, PaletteColors: 0, Transaparency: False
Trace|The image doesn't use a palette.
Trace|Resource 3 offset: 8372, length: 2716...
Debug|Reading resource 3...
Trace|Color bit encoding: 27
Trace|Reading image header...
Trace|Image header was read:
Trace|Width: 20, Height: 45, RowLength: 60
Trace|BPP: 24, PaletteColors: 0, Transaparency: False
Trace|The image doesn't use a palette.
Trace|Resource 4 offset: 11088, length: 3256...
Debug|Reading resource 4...
Trace|Color bit encoding: 27
Trace|Reading image header...
Trace|Image header was read:
Trace|Width: 24, Height: 45, RowLength: 72
Trace|BPP: 24, PaletteColors: 0, Transaparency: False
Trace|The image doesn't use a palette.
Trace|Resource 5 offset: 14344, length: 2716...
Debug|Reading resource 5...
Trace|Color bit encoding: 27
Trace|Reading image header...
Trace|Image header was read:
Trace|Width: 20, Height: 45, RowLength: 60
Trace|BPP: 24, PaletteColors: 0, Transaparency: False
Trace|The image doesn't use a palette.
Trace|Resource 6 offset: 17060, length: 2851...
Debug|Reading resource 6...
Trace|Color bit encoding: 27
Trace|Reading image header...
Trace|Image header was read:
Trace|Width: 21, Height: 45, RowLength: 63
Trace|BPP: 24, PaletteColors: 0, Transaparency: False
Trace|The image doesn't use a palette.
Trace|Resource 7 offset: 19911, length: 2851...
Debug|Reading resource 7...
Trace|Color bit encoding: 27
Trace|Reading image header...
Trace|Image header was read:
Trace|Width: 21, Height: 45, RowLength: 63
Trace|BPP: 24, PaletteColors: 0, Transaparency: False
Trace|The image doesn't use a palette.
Trace|Resource 8 offset: 22762, length: 2851...
Debug|Reading resource 8...
Trace|Color bit encoding: 27
Trace|Reading image header...
Trace|Image header was read:
Trace|Width: 21, Height: 45, RowLength: 63
Trace|BPP: 24, PaletteColors: 0, Transaparency: False
Trace|The image doesn't use a palette.
Trace|Resource 9 offset: 25613, length: 2851...
Debug|Reading resource 9...
Trace|Color bit encoding: 27
Trace|Reading image header...
Trace|Image header was read:
Trace|Width: 21, Height: 45, RowLength: 63
Trace|BPP: 24, PaletteColors: 0, Transaparency: False
Trace|The image doesn't use a palette.
Trace|Resource 10 offset: 28464, length: 481...
Debug|Reading resource 10...
Trace|Color bit encoding: 27
Trace|Reading image header...
Trace|Image header was read:
Trace|Width: 5, Height: 31, RowLength: 15
Trace|BPP: 24, PaletteColors: 0, Transaparency: False
Trace|The image doesn't use a palette.
Trace|Resource 11 offset: 28945, length: 1168...
Debug|Reading resource 11...
Trace|Color bit encoding: 27
Trace|Reading image header...
Trace|Image header was read:
Trace|Width: 16, Height: 24, RowLength: 48
Trace|BPP: 24, PaletteColors: 0, Transaparency: False
Trace|The image doesn't use a palette.
Trace|Resource 12 offset: 30113, length: 706...
Debug|Reading resource 12...
Trace|Color bit encoding: 27
Trace|Reading image header...
Trace|Image header was read:
Trace|Width: 10, Height: 23, RowLength: 30
Trace|BPP: 24, PaletteColors: 0, Transaparency: False
Trace|The image doesn't use a palette.
Trace|Resource 13 offset: 30819, length: 1120...
Debug|Reading resource 13...
Trace|Color bit encoding: 27
Trace|Reading image header...
Trace|Image header was read:
Trace|Width: 16, Height: 23, RowLength: 48
Trace|BPP: 24, PaletteColors: 0, Transaparency: False
Trace|The image doesn't use a palette.
Trace|Resource 14 offset: 31939, length: 1096...
Debug|Reading resource 14...
Trace|Color bit encoding: 27
Trace|Reading image header...
Trace|Image header was read:
Trace|Width: 15, Height: 24, RowLength: 45
Trace|BPP: 24, PaletteColors: 0, Transaparency: False
Trace|The image doesn't use a palette.
Trace|Resource 15 offset: 33035, length: 1258...
Debug|Reading resource 15...
Trace|Color bit encoding: 27
Trace|Reading image header...
Trace|Image header was read:
Trace|Width: 18, Height: 23, RowLength: 54
Trace|BPP: 24, PaletteColors: 0, Transaparency: False
Trace|The image doesn't use a palette.
Trace|Resource 16 offset: 34293, length: 1096...
Debug|Reading resource 16...
Trace|Color bit encoding: 27
Trace|Reading image header...
Trace|Image header was read:
Trace|Width: 15, Height: 24, RowLength: 45
Trace|BPP: 24, PaletteColors: 0, Transaparency: False
Trace|The image doesn't use a palette.
Trace|Resource 17 offset: 35389, length: 1096...
Debug|Reading resource 17...
Trace|Color bit encoding: 27
Trace|Reading image header...
Trace|Image header was read:
Trace|Width: 15, Height: 24, RowLength: 45
Trace|BPP: 24, PaletteColors: 0, Transaparency: False
Trace|The image doesn't use a palette.
Trace|Resource 18 offset: 36485, length: 1120...
Debug|Reading resource 18...
Trace|Color bit encoding: 27
Trace|Reading image header...
Trace|Image header was read:
Trace|Width: 16, Height: 23, RowLength: 48
Trace|BPP: 24, PaletteColors: 0, Transaparency: False
Trace|The image doesn't use a palette.
Trace|Resource 19 offset: 37605, length: 1168...
Debug|Reading resource 19...
Trace|Color bit encoding: 27
Trace|Reading image header...
Trace|Image header was read:
Trace|Width: 16, Height: 24, RowLength: 48
Trace|BPP: 24, PaletteColors: 0, Transaparency: False
Trace|The image doesn't use a palette.
Trace|Resource 20 offset: 38773, length: 1051...
Debug|Reading resource 20...
Trace|Color bit encoding: 27
Trace|Reading image header...
Trace|Image header was read:
Trace|Width: 15, Height: 23, RowLength: 45
Trace|BPP: 24, PaletteColors: 0, Transaparency: False
Trace|The image doesn't use a palette.
Trace|Resource 21 offset: 39824, length: 706...
Debug|Reading resource 21...
Trace|Color bit encoding: 27
Trace|Reading image header...
Trace|Image header was read:
Trace|Width: 10, Height: 23, RowLength: 30
Trace|BPP: 24, PaletteColors: 0, Transaparency: False
Trace|The image doesn't use a palette.
Trace|Resource 22 offset: 40530, length: 706...
Debug|Reading resource 22...
Trace|Color bit encoding: 27
Trace|Reading image header...
Trace|Image header was read:
Trace|Width: 10, Height: 23, RowLength: 30
Trace|BPP: 24, PaletteColors: 0, Transaparency: False
Trace|The image doesn't use a palette.
Trace|Resource 23 offset: 41236, length: 784...
Debug|Reading resource 23...
Trace|Color bit encoding: 27
Trace|Reading image header...
Trace|Image header was read:
Trace|Width: 16, Height: 16, RowLength: 48
Trace|BPP: 24, PaletteColors: 0, Transaparency: False
Trace|The image doesn't use a palette.
Trace|Resource 24 offset: 42020, length: 784...
Debug|Reading resource 24...
Trace|Color bit encoding: 27
Trace|Reading image header...
Trace|Image header was read:
Trace|Width: 16, Height: 16, RowLength: 48
Trace|BPP: 24, PaletteColors: 0, Transaparency: False
Trace|The image doesn't use a palette.
Trace|Resource 25 offset: 42804, length: 784...
Debug|Reading resource 25...
Trace|Color bit encoding: 27
Trace|Reading image header...
Trace|Image header was read:
Trace|Width: 16, Height: 16, RowLength: 48
Trace|BPP: 24, PaletteColors: 0, Transaparency: False
Trace|The image doesn't use a palette.
Trace|Resource 26 offset: 43588, length: 784...
Debug|Reading resource 26...
Trace|Color bit encoding: 27
Trace|Reading image header...
Trace|Image header was read:
Trace|Width: 16, Height: 16, RowLength: 48
Trace|BPP: 24, PaletteColors: 0, Transaparency: False
Trace|The image doesn't use a palette.
Trace|Resource 27 offset: 44372, length: 544...
Debug|Reading resource 27...
Trace|Color bit encoding: 27
Trace|Reading image header...
Trace|Image header was read:
Trace|Width: 11, Height: 16, RowLength: 33
Trace|BPP: 24, PaletteColors: 0, Transaparency: False
Trace|The image doesn't use a palette.
Trace|Resource 28 offset: 44916, length: 352...
Debug|Reading resource 28...
Trace|Color bit encoding: 27
Trace|Reading image header...
Trace|Image header was read:
Trace|Width: 7, Height: 16, RowLength: 21
Trace|BPP: 24, PaletteColors: 0, Transaparency: False
Trace|The image doesn't use a palette.
Trace|Resource 29 offset: 45268, length: 544...
Debug|Reading resource 29...
Trace|Color bit encoding: 27
Trace|Reading image header...
Trace|Image header was read:
Trace|Width: 11, Height: 16, RowLength: 33
Trace|BPP: 24, PaletteColors: 0, Transaparency: False
Trace|The image doesn't use a palette.
Trace|Resource 30 offset: 45812, length: 544...
Debug|Reading resource 30...
Trace|Color bit encoding: 27
Trace|Reading image header...
Trace|Image header was read:
Trace|Width: 11, Height: 16, RowLength: 33
Trace|BPP: 24, PaletteColors: 0, Transaparency: False
Trace|The image doesn't use a palette.
Trace|Resource 31 offset: 46356, length: 640...
Debug|Reading resource 31...
Trace|Color bit encoding: 27
Trace|Reading image header...
Trace|Image header was read:
Trace|Width: 13, Height: 16, RowLength: 39
Trace|BPP: 24, PaletteColors: 0, Transaparency: False
Trace|The image doesn't use a palette.
Trace|Resource 32 offset: 46996, length: 544...
Debug|Reading resource 32...
Trace|Color bit encoding: 27
Trace|Reading image header...
Trace|Image header was read:
Trace|Width: 11, Height: 16, RowLength: 33
Trace|BPP: 24, PaletteColors: 0, Transaparency: False
Trace|The image doesn't use a palette.
Trace|Resource 33 offset: 47540, length: 544...
Debug|Reading resource 33...
Trace|Color bit encoding: 27
Trace|Reading image header...
Trace|Image header was read:
Trace|Width: 11, Height: 16, RowLength: 33
Trace|BPP: 24, PaletteColors: 0, Transaparency: False
Trace|The image doesn't use a palette.
Trace|Resource 34 offset: 48084, length: 544...
Debug|Reading resource 34...
Trace|Color bit encoding: 27
Trace|Reading image header...
Trace|Image header was read:
Trace|Width: 11, Height: 16, RowLength: 33
Trace|BPP: 24, PaletteColors: 0, Transaparency: False
Trace|The image doesn't use a palette.
Trace|Resource 35 offset: 48628, length: 544...
Debug|Reading resource 35...
Trace|Color bit encoding: 27
Trace|Reading image header...
Trace|Image header was read:
Trace|Width: 11, Height: 16, RowLength: 33
Trace|BPP: 24, PaletteColors: 0, Transaparency: False
Trace|The image doesn't use a palette.
Trace|Resource 36 offset: 49172, length: 544...
Debug|Reading resource 36...
Trace|Color bit encoding: 27
Trace|Reading image header...
Trace|Image header was read:
Trace|Width: 11, Height: 16, RowLength: 33
Trace|BPP: 24, PaletteColors: 0, Transaparency: False
Trace|The image doesn't use a palette.
Trace|Resource 37 offset: 49716, length: 421...
Debug|Reading resource 37...
Trace|Color bit encoding: 27
Trace|Reading image header...
Trace|Image header was read:
Trace|Width: 9, Height: 15, RowLength: 27
Trace|BPP: 24, PaletteColors: 0, Transaparency: False
Trace|The image doesn't use a palette.
Trace|Resource 38 offset: 50137, length: 331...
Debug|Reading resource 38...
Trace|Color bit encoding: 27
Trace|Reading image header...
Trace|Image header was read:
Trace|Width: 7, Height: 15, RowLength: 21
Trace|BPP: 24, PaletteColors: 0, Transaparency: False
Trace|The image doesn't use a palette.
Trace|Resource 39 offset: 50468, length: 511...
Debug|Reading resource 39...
Trace|Color bit encoding: 27
Trace|Reading image header...
Trace|Image header was read:
Trace|Width: 11, Height: 15, RowLength: 33
Trace|BPP: 24, PaletteColors: 0, Transaparency: False
Trace|The image doesn't use a palette.
Trace|Resource 40 offset: 50979, length: 466...
Debug|Reading resource 40...
Trace|Color bit encoding: 27
Trace|Reading image header...
Trace|Image header was read:
Trace|Width: 10, Height: 15, RowLength: 30
Trace|BPP: 24, PaletteColors: 0, Transaparency: False
Trace|The image doesn't use a palette.
Trace|Resource 41 offset: 51445, length: 511...
Debug|Reading resource 41...
Trace|Color bit encoding: 27
Trace|Reading image header...
Trace|Image header was read:
Trace|Width: 11, Height: 15, RowLength: 33
Trace|BPP: 24, PaletteColors: 0, Transaparency: False
Trace|The image doesn't use a palette.
Trace|Resource 42 offset: 51956, length: 466...
Debug|Reading resource 42...
Trace|Color bit encoding: 27
Trace|Reading image header...
Trace|Image header was read:
Trace|Width: 10, Height: 15, RowLength: 30
Trace|BPP: 24, PaletteColors: 0, Transaparency: False
Trace|The image doesn't use a palette.
Trace|Resource 43 offset: 52422, length: 466...
Debug|Reading resource 43...
Trace|Color bit encoding: 27
Trace|Reading image header...
Trace|Image header was read:
Trace|Width: 10, Height: 15, RowLength: 30
Trace|BPP: 24, PaletteColors: 0, Transaparency: False
Trace|The image doesn't use a palette.
Trace|Resource 44 offset: 52888, length: 511...
Debug|Reading resource 44...
Trace|Color bit encoding: 27
Trace|Reading image header...
Trace|Image header was read:
Trace|Width: 11, Height: 15, RowLength: 33
Trace|BPP: 24, PaletteColors: 0, Transaparency: False
Trace|The image doesn't use a palette.
Trace|Resource 45 offset: 53399, length: 421...
Debug|Reading resource 45...
Trace|Color bit encoding: 27
Trace|Reading image header...
Trace|Image header was read:
Trace|Width: 9, Height: 15, RowLength: 27
Trace|BPP: 24, PaletteColors: 0, Transaparency: False
Trace|The image doesn't use a palette.
Trace|Resource 46 offset: 53820, length: 421...
Debug|Reading resource 46...
Trace|Color bit encoding: 27
Trace|Reading image header...
Trace|Image header was read:
Trace|Width: 9, Height: 15, RowLength: 27
Trace|BPP: 24, PaletteColors: 0, Transaparency: False
Trace|The image doesn't use a palette.
Trace|Resource 47 offset: 54241, length: 331...
Debug|Reading resource 47...
Trace|Color bit encoding: 27
Trace|Reading image header...
Trace|Image header was read:
Trace|Width: 7, Height: 15, RowLength: 21
Trace|BPP: 24, PaletteColors: 0, Transaparency: False
Trace|The image doesn't use a palette.
Trace|Resource 48 offset: 54572, length: 784...
Debug|Reading resource 48...
Trace|Color bit encoding: 27
Trace|Reading image header...
Trace|Image header was read:
Trace|Width: 16, Height: 16, RowLength: 48
Trace|BPP: 24, PaletteColors: 0, Transaparency: False
Trace|The image doesn't use a palette.
Trace|Resource 49 offset: 55356, length: 1750...
Debug|Reading resource 49...
Trace|Color bit encoding: 27
Trace|Reading image header...
Trace|Image header was read:
Trace|Width: 34, Height: 17, RowLength: 102
Trace|BPP: 24, PaletteColors: 0, Transaparency: False
Trace|The image doesn't use a palette.
Trace|Resource 50 offset: 57106, length: 1546...
Debug|Reading resource 50...
Trace|Color bit encoding: 27
Trace|Reading image header...
Trace|Image header was read:
Trace|Width: 30, Height: 17, RowLength: 90
Trace|BPP: 24, PaletteColors: 0, Transaparency: False
Trace|The image doesn't use a palette.
Trace|Resource 51 offset: 58652, length: 1291...
Debug|Reading resource 51...
Trace|Color bit encoding: 27
Trace|Reading image header...
Trace|Image header was read:
Trace|Width: 25, Height: 17, RowLength: 75
Trace|BPP: 24, PaletteColors: 0, Transaparency: False
Trace|The image doesn't use a palette.
Trace|Resource 52 offset: 59943, length: 1276...
Debug|Reading resource 52...
Trace|Color bit encoding: 27
Trace|Reading image header...
Trace|Image header was read:
Trace|Width: 20, Height: 21, RowLength: 60
Trace|BPP: 24, PaletteColors: 0, Transaparency: False
Trace|The image doesn't use a palette.
Trace|Resource 53 offset: 61219, length: 1750...
Debug|Reading resource 53...
Trace|Color bit encoding: 27
Trace|Reading image header...
Trace|Image header was read:
Trace|Width: 34, Height: 17, RowLength: 102
Trace|BPP: 24, PaletteColors: 0, Transaparency: False
Trace|The image doesn't use a palette.
Trace|Resource 54 offset: 62969, length: 985...
Debug|Reading resource 54...
Trace|Color bit encoding: 27
Trace|Reading image header...
Trace|Image header was read:
Trace|Width: 19, Height: 17, RowLength: 57
Trace|BPP: 24, PaletteColors: 0, Transaparency: False
Trace|The image doesn't use a palette.
Trace|Resource 55 offset: 63954, length: 1636...
Debug|Reading resource 55...
Trace|Color bit encoding: 27
Trace|Reading image header...
Trace|Image header was read:
Trace|Width: 30, Height: 18, RowLength: 90
Trace|BPP: 24, PaletteColors: 0, Transaparency: False
Trace|The image doesn't use a palette.
Trace|Resource 56 offset: 65590, length: 448...
Debug|Reading resource 56...
Trace|Color bit encoding: 27
Trace|Reading image header...
Trace|Image header was read:
Trace|Width: 8, Height: 18, RowLength: 24
Trace|BPP: 24, PaletteColors: 0, Transaparency: False
Trace|The image doesn't use a palette.
Trace|Resource 57 offset: 66038, length: 271...
Debug|Reading resource 57...
Trace|Color bit encoding: 27
Trace|Reading image header...
Trace|Image header was read:
Trace|Width: 5, Height: 17, RowLength: 15
Trace|BPP: 24, PaletteColors: 0, Transaparency: False
Trace|The image doesn't use a palette.
Trace|Resource 58 offset: 66309, length: 424...
Debug|Reading resource 58...
Trace|Color bit encoding: 27
Trace|Reading image header...
Trace|Image header was read:
Trace|Width: 8, Height: 17, RowLength: 24
Trace|BPP: 24, PaletteColors: 0, Transaparency: False
Trace|The image doesn't use a palette.
Trace|Resource 59 offset: 66733, length: 448...
Debug|Reading resource 59...
Trace|Color bit encoding: 27
Trace|Reading image header...
Trace|Image header was read:
Trace|Width: 8, Height: 18, RowLength: 24
Trace|BPP: 24, PaletteColors: 0, Transaparency: False
Trace|The image doesn't use a palette.
Trace|Resource 60 offset: 67181, length: 475...
Debug|Reading resource 60...
Trace|Color bit encoding: 27
Trace|Reading image header...
Trace|Image header was read:
Trace|Width: 9, Height: 17, RowLength: 27
Trace|BPP: 24, PaletteColors: 0, Transaparency: False
Trace|The image doesn't use a palette.
Trace|Resource 61 offset: 67656, length: 448...
Debug|Reading resource 61...
Trace|Color bit encoding: 27
Trace|Reading image header...
Trace|Image header was read:
Trace|Width: 8, Height: 18, RowLength: 24
Trace|BPP: 24, PaletteColors: 0, Transaparency: False
Trace|The image doesn't use a palette.
Trace|Resource 62 offset: 68104, length: 448...
Debug|Reading resource 62...
Trace|Color bit encoding: 27
Trace|Reading image header...
Trace|Image header was read:
Trace|Width: 8, Height: 18, RowLength: 24
Trace|BPP: 24, PaletteColors: 0, Transaparency: False
Trace|The image doesn't use a palette.
Trace|Resource 63 offset: 68552, length: 424...
Debug|Reading resource 63...
Trace|Color bit encoding: 27
Trace|Reading image header...
Trace|Image header was read:
Trace|Width: 8, Height: 17, RowLength: 24
Trace|BPP: 24, PaletteColors: 0, Transaparency: False
Trace|The image doesn't use a palette.
Trace|Resource 64 offset: 68976, length: 448...
Debug|Reading resource 64...
Trace|Color bit encoding: 27
Trace|Reading image header...
Trace|Image header was read:
Trace|Width: 8, Height: 18, RowLength: 24
Trace|BPP: 24, PaletteColors: 0, Transaparency: False
Trace|The image doesn't use a palette.
Trace|Resource 65 offset: 69424, length: 448...
Debug|Reading resource 65...
Trace|Color bit encoding: 27
Trace|Reading image header...
Trace|Image header was read:
Trace|Width: 8, Height: 18, RowLength: 24
Trace|BPP: 24, PaletteColors: 0, Transaparency: False
Trace|The image doesn't use a palette.
Trace|Resource 66 offset: 69872, length: 475...
Debug|Reading resource 66...
Trace|Color bit encoding: 27
Trace|Reading image header...
Trace|Image header was read:
Trace|Width: 9, Height: 17, RowLength: 27
Trace|BPP: 24, PaletteColors: 0, Transaparency: False
Trace|The image doesn't use a palette.
Trace|Resource 67 offset: 70347, length: 625...
Debug|Reading resource 67...
Trace|Color bit encoding: 27
Trace|Reading image header...
Trace|Image header was read:
Trace|Width: 7, Height: 29, RowLength: 21
Trace|BPP: 24, PaletteColors: 0, Transaparency: False
Trace|The image doesn't use a palette.
Trace|Resource 68 offset: 70972, length: 544...
Debug|Reading resource 68...
Trace|Color bit encoding: 27
Trace|Reading image header...
Trace|Image header was read:
Trace|Width: 11, Height: 16, RowLength: 33
Trace|BPP: 24, PaletteColors: 0, Transaparency: False
Trace|The image doesn't use a palette.
Trace|Resource 69 offset: 71516, length: 352...
Debug|Reading resource 69...
Trace|Color bit encoding: 27
Trace|Reading image header...
Trace|Image header was read:
Trace|Width: 7, Height: 16, RowLength: 21
Trace|BPP: 24, PaletteColors: 0, Transaparency: False
Trace|The image doesn't use a palette.
Trace|Resource 70 offset: 71868, length: 544...
Debug|Reading resource 70...
Trace|Color bit encoding: 27
Trace|Reading image header...
Trace|Image header was read:
Trace|Width: 11, Height: 16, RowLength: 33
Trace|BPP: 24, PaletteColors: 0, Transaparency: False
Trace|The image doesn't use a palette.
Trace|Resource 71 offset: 72412, length: 544...
Debug|Reading resource 71...
Trace|Color bit encoding: 27
Trace|Reading image header...
Trace|Image header was read:
Trace|Width: 11, Height: 16, RowLength: 33
Trace|BPP: 24, PaletteColors: 0, Transaparency: False
Trace|The image doesn't use a palette.
Trace|Resource 72 offset: 72956, length: 640...
Debug|Reading resource 72...
Trace|Color bit encoding: 27
Trace|Reading image header...
Trace|Image header was read:
Trace|Width: 13, Height: 16, RowLength: 39
Trace|BPP: 24, PaletteColors: 0, Transaparency: False
Trace|The image doesn't use a palette.
Trace|Resource 73 offset: 73596, length: 544...
Debug|Reading resource 73...
Trace|Color bit encoding: 27
Trace|Reading image header...
Trace|Image header was read:
Trace|Width: 11, Height: 16, RowLength: 33
Trace|BPP: 24, PaletteColors: 0, Transaparency: False
Trace|The image doesn't use a palette.
Trace|Resource 74 offset: 74140, length: 544...
Debug|Reading resource 74...
Trace|Color bit encoding: 27
Trace|Reading image header...
Trace|Image header was read:
Trace|Width: 11, Height: 16, RowLength: 33
Trace|BPP: 24, PaletteColors: 0, Transaparency: False
Trace|The image doesn't use a palette.
Trace|Resource 75 offset: 74684, length: 544...
Debug|Reading resource 75...
Trace|Color bit encoding: 27
Trace|Reading image header...
Trace|Image header was read:
Trace|Width: 11, Height: 16, RowLength: 33
Trace|BPP: 24, PaletteColors: 0, Transaparency: False
Trace|The image doesn't use a palette.
Trace|Resource 76 offset: 75228, length: 544...
Debug|Reading resource 76...
Trace|Color bit encoding: 27
Trace|Reading image header...
Trace|Image header was read:
Trace|Width: 11, Height: 16, RowLength: 33
Trace|BPP: 24, PaletteColors: 0, Transaparency: False
Trace|The image doesn't use a palette.
Trace|Resource 77 offset: 75772, length: 544...
Debug|Reading resource 77...
Trace|Color bit encoding: 27
Trace|Reading image header...
Trace|Image header was read:
Trace|Width: 11, Height: 16, RowLength: 33
Trace|BPP: 24, PaletteColors: 0, Transaparency: False
Trace|The image doesn't use a palette.
Trace|Resource 78 offset: 76316, length: 352...
Debug|Reading resource 78...
Trace|Color bit encoding: 27
Trace|Reading image header...
Trace|Image header was read:
Trace|Width: 7, Height: 16, RowLength: 21
Trace|BPP: 24, PaletteColors: 0, Transaparency: False
Trace|The image doesn't use a palette.
Trace|Resource 79 offset: 76668, length: 352...
Debug|Reading resource 79...
Trace|Color bit encoding: 27
Trace|Reading image header...
Trace|Image header was read:
Trace|Width: 7, Height: 16, RowLength: 21
Trace|BPP: 24, PaletteColors: 0, Transaparency: False
Trace|The image doesn't use a palette.
Trace|Resource 80 offset: 77020, length: 352...
Debug|Reading resource 80...
Trace|Color bit encoding: 27
Trace|Reading image header...
Trace|Image header was read:
Trace|Width: 7, Height: 16, RowLength: 21
Trace|BPP: 24, PaletteColors: 0, Transaparency: False
Trace|The image doesn't use a palette.
Trace|Resource 81 offset: 77372, length: 352...
Debug|Reading resource 81...
Trace|Color bit encoding: 27
Trace|Reading image header...
Trace|Image header was read:
Trace|Width: 7, Height: 16, RowLength: 21
Trace|BPP: 24, PaletteColors: 0, Transaparency: False
Trace|The image doesn't use a palette.
Trace|Resource 82 offset: 77724, length: 11875...
Debug|Reading resource 82...
Trace|Color bit encoding: 27
Trace|Reading image header...
Trace|Image header was read:
Trace|Width: 67, Height: 59, RowLength: 201
Trace|BPP: 24, PaletteColors: 0, Transaparency: False
Trace|The image doesn't use a palette.
Trace|Resource 83 offset: 89599, length: 8458...
Debug|Reading resource 83...
Trace|Color bit encoding: 27
Trace|Reading image header...
Trace|Image header was read:
Trace|Width: 67, Height: 42, RowLength: 201
Trace|BPP: 24, PaletteColors: 0, Transaparency: False
Trace|The image doesn't use a palette.
Trace|Resource 84 offset: 98057, length: 13081...
Debug|Reading resource 84...
Trace|Color bit encoding: 27
Trace|Reading image header...
Trace|Image header was read:
Trace|Width: 67, Height: 65, RowLength: 201
Trace|BPP: 24, PaletteColors: 0, Transaparency: False
Trace|The image doesn't use a palette.
Trace|Resource 85 offset: 111138, length: 14287...
Debug|Reading resource 85...
Trace|Color bit encoding: 27
Trace|Reading image header...
Trace|Image header was read:
Trace|Width: 67, Height: 71, RowLength: 201
Trace|BPP: 24, PaletteColors: 0, Transaparency: False
Trace|The image doesn't use a palette.
Trace|Resource 86 offset: 125425, length: 9463...
Debug|Reading resource 86...
Trace|Color bit encoding: 27
Trace|Reading image header...
Trace|Image header was read:
Trace|Width: 67, Height: 47, RowLength: 201
Trace|BPP: 24, PaletteColors: 0, Transaparency: False
Trace|The image doesn't use a palette.
Trace|Resource 87 offset: 134888, length: 7453...
Debug|Reading resource 87...
Trace|Color bit encoding: 27
Trace|Reading image header...
Trace|Image header was read:
Trace|Width: 67, Height: 37, RowLength: 201
Trace|BPP: 24, PaletteColors: 0, Transaparency: False
Trace|The image doesn't use a palette.
Trace|Resource 88 offset: 142341, length: 12277...
Debug|Reading resource 88...
Trace|Color bit encoding: 27
Trace|Reading image header...
Trace|Image header was read:
Trace|Width: 67, Height: 61, RowLength: 201
Trace|BPP: 24, PaletteColors: 0, Transaparency: False
Trace|The image doesn't use a palette.
Trace|Resource 89 offset: 154618, length: 13282...
Debug|Reading resource 89...
Trace|Color bit encoding: 27
Trace|Reading image header...
Trace|Image header was read:
Trace|Width: 67, Height: 66, RowLength: 201
Trace|BPP: 24, PaletteColors: 0, Transaparency: False
Trace|The image doesn't use a palette.
Trace|Resource 90 offset: 167900, length: 12076...
Debug|Reading resource 90...
Trace|Color bit encoding: 27
Trace|Reading image header...
Trace|Image header was read:
Trace|Width: 67, Height: 60, RowLength: 201
Trace|BPP: 24, PaletteColors: 0, Transaparency: False
Trace|The image doesn't use a palette.
Trace|Resource 91 offset: 179976, length: 13282...
Debug|Reading resource 91...
Trace|Color bit encoding: 27
Trace|Reading image header...
Trace|Image header was read:
Trace|Width: 67, Height: 66, RowLength: 201
Trace|BPP: 24, PaletteColors: 0, Transaparency: False
Trace|The image doesn't use a palette.
Trace|Resource 92 offset: 193258, length: 13282...
Debug|Reading resource 92...
Trace|Color bit encoding: 27
Trace|Reading image header...
Trace|Image header was read:
Trace|Width: 67, Height: 66, RowLength: 201
Trace|BPP: 24, PaletteColors: 0, Transaparency: False
Trace|The image doesn't use a palette.
Trace|Resource 93 offset: 206540, length: 12076...
Debug|Reading resource 93...
Trace|Color bit encoding: 27
Trace|Reading image header...
Trace|Image header was read:
Trace|Width: 67, Height: 60, RowLength: 201
Trace|BPP: 24, PaletteColors: 0, Transaparency: False
Trace|The image doesn't use a palette.
Trace|Resource 94 offset: 218616, length: 9061...
Debug|Reading resource 94...
Trace|Color bit encoding: 27
Trace|Reading image header...
Trace|Image header was read:
Trace|Width: 67, Height: 45, RowLength: 201
Trace|BPP: 24, PaletteColors: 0, Transaparency: False
Trace|The image doesn't use a palette.
Trace|Resource 95 offset: 227677, length: 13282...
Debug|Reading resource 95...
Trace|Color bit encoding: 27
Trace|Reading image header...
Trace|Image header was read:
Trace|Width: 67, Height: 66, RowLength: 201
Trace|BPP: 24, PaletteColors: 0, Transaparency: False
Trace|The image doesn't use a palette.
Trace|Resource 96 offset: 240959, length: 11071...
Debug|Reading resource 96...
Trace|Color bit encoding: 27
Trace|Reading image header...
Trace|Image header was read:
Trace|Width: 67, Height: 55, RowLength: 201
Trace|BPP: 24, PaletteColors: 0, Transaparency: False
Trace|The image doesn't use a palette.
Trace|Resource 97 offset: 252030, length: 9331...
Debug|Reading resource 97...
Trace|Color bit encoding: 27
Trace|Reading image header...
Trace|Image header was read:
Trace|Width: 69, Height: 45, RowLength: 207
Trace|BPP: 24, PaletteColors: 0, Transaparency: False
Trace|The image doesn't use a palette.
Trace|Resource 98 offset: 261361, length: 11875...
Debug|Reading resource 98...
Trace|Color bit encoding: 27
Trace|Reading image header...
Trace|Image header was read:
Trace|Width: 67, Height: 59, RowLength: 201
Trace|BPP: 24, PaletteColors: 0, Transaparency: False
Trace|The image doesn't use a palette.
Trace|Resource 99 offset: 273236, length: 13282...
Debug|Reading resource 99...
Trace|Color bit encoding: 27
Trace|Reading image header...
Trace|Image header was read:
Trace|Width: 67, Height: 66, RowLength: 201
Trace|BPP: 24, PaletteColors: 0, Transaparency: False
Trace|The image doesn't use a palette.
Trace|Resource 100 offset: 286518, length: 6856...
Debug|Reading resource 100...
Trace|Color bit encoding: 27
Trace|Reading image header...
Trace|Image header was read:
Trace|Width: 60, Height: 38, RowLength: 180
Trace|BPP: 24, PaletteColors: 0, Transaparency: False
Trace|The image doesn't use a palette.
Trace|Resource 101 offset: 293374, length: 12277...
Debug|Reading resource 101...
Trace|Color bit encoding: 27
Trace|Reading image header...
Trace|Image header was read:
Trace|Width: 67, Height: 61, RowLength: 201
Trace|BPP: 24, PaletteColors: 0, Transaparency: False
Trace|The image doesn't use a palette.
Trace|Resource 102 offset: 305651, length: 12679...
Debug|Reading resource 102...
Trace|Color bit encoding: 27
Trace|Reading image header...
Trace|Image header was read:
Trace|Width: 67, Height: 63, RowLength: 201
Trace|BPP: 24, PaletteColors: 0, Transaparency: False
Trace|The image doesn't use a palette.
Trace|Resource 103 offset: 318330, length: 11875...
Debug|Reading resource 103...
Trace|Color bit encoding: 27
Trace|Reading image header...
Trace|Image header was read:
Trace|Width: 67, Height: 59, RowLength: 201
Trace|BPP: 24, PaletteColors: 0, Transaparency: False
Trace|The image doesn't use a palette.
Trace|Resource 104 offset: 330205, length: 12076...
Debug|Reading resource 104...
Trace|Color bit encoding: 27
Trace|Reading image header...
Trace|Image header was read:
Trace|Width: 67, Height: 60, RowLength: 201
Trace|BPP: 24, PaletteColors: 0, Transaparency: False
Trace|The image doesn't use a palette.
Trace|Resource 105 offset: 342281, length: 9466...
Debug|Reading resource 105...
Trace|Color bit encoding: 27
Trace|Reading image header...
Trace|Image header was read:
Trace|Width: 70, Height: 45, RowLength: 210
Trace|BPP: 24, PaletteColors: 0, Transaparency: False
Trace|The image doesn't use a palette.
Trace|Resource 106 offset: 351747, length: 9061...
Debug|Reading resource 106...
Trace|Color bit encoding: 27
Trace|Reading image header...
Trace|Image header was read:
Trace|Width: 67, Height: 45, RowLength: 201
Trace|BPP: 24, PaletteColors: 0, Transaparency: False
Trace|The image doesn't use a palette.
Trace|Resource 107 offset: 360808, length: 13282...
Debug|Reading resource 107...
Trace|Color bit encoding: 27
Trace|Reading image header...
Trace|Image header was read:
Trace|Width: 67, Height: 66, RowLength: 201
Trace|BPP: 24, PaletteColors: 0, Transaparency: False
Trace|The image doesn't use a palette.
Trace|Resource 108 offset: 374090, length: 37816...
Debug|Reading resource 108...
Trace|Color bit encoding: 8
Trace|Reading image header...
Trace|Image header was read:
Trace|Width: 90, Height: 210, RowLength: 180
Trace|BPP: 16, PaletteColors: 0, Transaparency: False
Trace|The image doesn't use a palette.
Debug|Parsing parameters...
Trace|2 'Background'
Trace|2.2 'BackgroundColor': 0
Trace|2.3 'Preview1'
Trace|2.3.1 'X': 18
Trace|2.3.2 'Y': 17
Trace|2.3.3 'ImageIndex': 108
Trace|2.4 'Preview2'
Trace|2.4.1 'X': 18
Trace|2.4.2 'Y': 17
Trace|2.4.3 'ImageIndex': 108
Trace|2.5 'Preview3'
Trace|2.5.1 'X': 18
Trace|2.5.2 'Y': 17
Trace|2.5.3 'ImageIndex': 108
Trace|3 'Time'
Trace|3.1 'Hours'
Trace|3.1.1 'Tens'
Trace|3.1.1.1 'X': 3
Trace|3.1.1.2 'Y': 66
Trace|3.1.1.3 'ImageIndex': 0
Trace|3.1.1.4 'ImagesCount': 10
Trace|3.1.2 'Ones'
Trace|3.1.2.1 'X': 29
Trace|3.1.2.2 'Y': 66
Trace|3.1.2.3 'ImageIndex': 0
Trace|3.1.2.4 'ImagesCount': 10
Trace|3.2 'Minutes'
Trace|3.2.1 'Tens'
Trace|3.2.1.1 'X': 74
Trace|3.2.1.2 'Y': 66
Trace|3.2.1.3 'ImageIndex': 0
Trace|3.2.1.4 'ImagesCount': 10
Trace|3.2.2 'Ones'
Trace|3.2.2.1 'X': 102
Trace|3.2.2.2 'Y': 66
Trace|3.2.2.3 'ImageIndex': 0
Trace|3.2.2.4 'ImagesCount': 10
Trace|3.11 'UnknownV11': 0
Trace|5 'Date'
Trace|5.1 'MonthAndDayAndYear'
Trace|5.1.1 'Separate'
Trace|5.1.1.1 'Month'
Trace|5.1.1.1.1 'TopLeftX': 94
Trace|5.1.1.1.2 'TopLeftY': 130
Trace|5.1.1.1.3 'BottomRightX': 111
Trace|5.1.1.1.4 'BottomRightY': 146
Trace|5.1.1.1.5 'Alignment': 2
Trace|5.1.1.1.6 'SpacingX': 2
Trace|5.1.1.1.7 'SpacingY': 0
Trace|5.1.1.1.8 'ImageIndex': 56
Trace|5.1.1.1.9 'ImagesCount': 10
Trace|5.1.1.4 'Day'
Trace|5.1.1.4.1 'TopLeftX': 59
Trace|5.1.1.4.2 'TopLeftY': 130
Trace|5.1.1.4.3 'BottomRightX': 76
Trace|5.1.1.4.4 'BottomRightY': 146
Trace|5.1.1.4.5 'Alignment': 4
Trace|5.1.1.4.6 'SpacingX': 2
Trace|5.1.1.4.7 'SpacingY': 0
Trace|5.1.1.4.8 'ImageIndex': 56
Trace|5.1.1.4.9 'ImagesCount': 10
Trace|5.1.4 'TwoDigitsMonth': 1
Trace|5.1.5 'TwoDigitsDay': 1
Trace|6 'Weather'
Trace|6.1 'Icon'
Trace|6.1.2 'CustomIcon'
Trace|6.1.2.1 'X': 8
Trace|6.1.2.2 'Y': 175
Trace|6.1.2.3 'ImageIndex': 82
Trace|6.1.2.4 'ImagesCount': 26
Trace|6.1.3 'Unknown3'
Trace|6.1.3.1 'X': 8
Trace|6.1.3.2 'Y': 175
Trace|6.1.4 'Unknown4'
Trace|6.1.4.1 'X': 8
Trace|6.1.4.2 'Y': 175
Trace|6.2 'Temperature'
Trace|6.2.1 'Current'
Trace|6.2.1.1 'Number'
Trace|6.2.1.1.1 'TopLeftX': 42
Trace|6.2.1.1.2 'TopLeftY': 263
Trace|6.2.1.1.3 'BottomRightX': 95
Trace|6.2.1.1.4 'BottomRightY': 286
Trace|6.2.1.1.5 'Alignment': 72
Trace|6.2.1.1.6 'SpacingX': 1
Trace|6.2.1.1.7 'SpacingY': 0
Trace|6.2.1.1.8 'ImageIndex': 11
Trace|6.2.1.1.9 'ImagesCount': 10
Trace|6.2.1.2 'MinusImageIndex': 21
Trace|6.2.1.3 'DegreesImageIndex': 22
Trace|6.2.2 'Today'
Trace|6.2.2.1 'Separate'
Trace|6.2.2.1.1 'Day'
Trace|6.2.2.1.1.1 'Number'
Trace|6.2.2.1.1.1.1 'TopLeftX': 82
Trace|6.2.2.1.1.1.2 'TopLeftY': 171
Trace|6.2.2.1.1.1.3 'BottomRightX': 121
Trace|6.2.2.1.1.1.4 'BottomRightY': 186
Trace|6.2.2.1.1.1.5 'Alignment': 4
Trace|6.2.2.1.1.1.6 'SpacingX': 0
Trace|6.2.2.1.1.1.7 'SpacingY': 0
Trace|6.2.2.1.1.1.8 'ImageIndex': 68
Trace|6.2.2.1.1.1.9 'ImagesCount': 10
Trace|6.2.2.1.1.2 'MinusImageIndex': 81
Trace|6.2.2.1.1.3 'DegreesImageIndex': 80
Trace|6.2.2.1.2 'Night'
Trace|6.2.2.1.2.1 'Number'
Trace|6.2.2.1.2.1.1 'TopLeftX': 82
Trace|6.2.2.1.2.1.2 'TopLeftY': 210
Trace|6.2.2.1.2.1.3 'BottomRightX': 121
Trace|6.2.2.1.2.1.4 'BottomRightY': 225
Trace|6.2.2.1.2.1.5 'Alignment': 4
Trace|6.2.2.1.2.1.6 'SpacingX': 0
Trace|6.2.2.1.2.1.7 'SpacingY': 0
Trace|6.2.2.1.2.1.8 'ImageIndex': 27
Trace|6.2.2.1.2.1.9 'ImagesCount': 10
Trace|6.2.2.1.2.2 'MinusImageIndex': 78
Trace|6.2.2.1.2.3 'DegreesImageIndex': 79
Trace|8 'Status'
Trace|8.1 'DoNotDisturb'
Trace|8.1.1 'Coordinates'
Trace|8.1.1.1 'X': 29
Trace|8.1.1.2 'Y': 2
Trace|8.1.2 'ImageIndexOn': 25
Trace|8.2 'Lock'
Trace|8.2.1 'Coordinates'
Trace|8.2.1.1 'X': 59
Trace|8.2.1.2 'Y': 2
Trace|8.2.3 'ImageIndexOff': 24
Trace|8.3 'Bluetooth'
Trace|8.3.1 'Coordinates'
Trace|8.3.1.1 'X': 0
Trace|8.3.1.2 'Y': 2
Trace|8.3.2 'ImageIndexOn': 23
Trace|9 'Battery'
Trace|9.1 'BatteryText'
Trace|9.1.1 'Coordinates'
Trace|9.1.1.1 'TopLeftX': 80
Trace|9.1.1.2 'TopLeftY': 3
Trace|9.1.1.3 'BottomRightX': 123
Trace|9.1.1.4 'BottomRightY': 17
Trace|9.1.1.5 'Alignment': 4
Trace|9.1.1.6 'SpacingX': 0
Trace|9.1.1.7 'SpacingY': 0
Trace|9.1.1.8 'ImageIndex': 27
Trace|9.1.1.9 'ImagesCount': 10
Trace|9.1.3 'PrefixImageIndex': 26
Trace|11 'Other'
Trace|11.1 'Animation'
Trace|11.1.1 'AnimationImages'
Trace|11.1.1.1 'X': 61
Trace|11.1.1.2 'Y': 74
Trace|11.1.1.3 'ImageIndex': 10
Trace|11.1.1.4 'ImagesCount': 1
Trace|11.1.2 'Speed': 0
Trace|11.1.3 'RepeatCount': 0
Trace|11.1.4 'UnknownTF4': 1
Trace|11.1 'Animation'
Trace|11.1.1 'AnimationImages'
Trace|11.1.1.1 'X': 82
Trace|11.1.1.2 'Y': 130
Trace|11.1.1.3 'ImageIndex': 66
Trace|11.1.1.4 'ImagesCount': 1
Trace|11.1.2 'Speed': 0
Trace|11.1.3 'RepeatCount': 0
Trace|11.1.4 'UnknownTF4': 1
Trace|14 'WeekDaysIcons'
Trace|14.1 'Monday'
Trace|14.1.1 'X': 17
Trace|14.1.2 'Y': 130
Trace|14.1.3 'ImageIndex': 50
Trace|14.2 'Tuesday'
Trace|14.2.1 'X': 17
Trace|14.2.2 'Y': 130
Trace|14.2.3 'ImageIndex': 51
Trace|14.3 'Wednesday'
Trace|14.3.1 'X': 17
Trace|14.3.2 'Y': 126
Trace|14.3.3 'ImageIndex': 52
Trace|14.4 'Thursday'
Trace|14.4.1 'X': 17
Trace|14.4.2 'Y': 130
Trace|14.4.3 'ImageIndex': 53
Trace|14.5 'Friday'
Trace|14.5.1 'X': 17
Trace|14.5.2 'Y': 130
Trace|14.5.3 'ImageIndex': 54
Trace|14.6 'Saturday'
Trace|14.6.1 'X': 17
Trace|14.6.2 'Y': 129
Trace|14.6.3 'ImageIndex': 55
Trace|14.7 'Sunday'
Trace|14.7.1 'X': 17
Trace|14.7.2 'Y': 130
Trace|14.7.3 'ImageIndex': 49
Trace|18 'Alarm'
Trace|18.1 'Text'
Trace|18.1.1 'TopLeftX': 59
Trace|18.1.2 'TopLeftY': 35
Trace|18.1.3 'BottomRightX': 72
Trace|18.1.4 'BottomRightY': 49
Trace|18.1.5 'Alignment': 72
Trace|18.1.6 'SpacingX': 1
Trace|18.1.7 'SpacingY': 0
Trace|18.1.8 'ImageIndex': 37
Trace|18.1.9 'ImagesCount': 10
Trace|18.2 'DelimiterImageIndex': 47
Trace|18.3 'ImageOn'
Trace|18.3.1 'X': 28
Trace|18.3.2 'Y': 34
Trace|18.3.3 'ImageIndex': 48
Trace|18.4 'ImageOff'
Trace|18.4.1 'X': 0
Trace|18.4.2 'Y': 0
Trace|18.4.3 'ImageIndex': 67
Trace|18.5 'ImageNoAlarm'
Trace|18.5.1 'X': 0
Trace|18.5.2 'Y': 0
Trace|18.5.3 'ImageIndex': 67
Trace|18.6 'UnknownTF6': 1
Trace|18.7 'UnknownTF7': 1
Debug|Generating previews...
Debug|Exporting resources to 'C:\Users\lukas\Documents\luktvpl site\tarcza-lisek\program\WatchFace\minimal_pl_4-549091-76478193f8'
Debug|Extracting C:\Users\lukas\Documents\luktvpl site\tarcza-lisek\program\WatchFace\minimal_pl_4-549091-76478193f8\0000.png...
Debug|Extracting C:\Users\lukas\Documents\luktvpl site\tarcza-lisek\program\WatchFace\minimal_pl_4-549091-76478193f8\0001.png...
Debug|Extracting C:\Users\lukas\Documents\luktvpl site\tarcza-lisek\program\WatchFace\minimal_pl_4-549091-76478193f8\0002.png...
Debug|Extracting C:\Users\lukas\Documents\luktvpl site\tarcza-lisek\program\WatchFace\minimal_pl_4-549091-76478193f8\0003.png...
Debug|Extracting C:\Users\lukas\Documents\luktvpl site\tarcza-lisek\program\WatchFace\minimal_pl_4-549091-76478193f8\0004.png...
Debug|Extracting C:\Users\lukas\Documents\luktvpl site\tarcza-lisek\program\WatchFace\minimal_pl_4-549091-76478193f8\0005.png...
Debug|Extracting C:\Users\lukas\Documents\luktvpl site\tarcza-lisek\program\WatchFace\minimal_pl_4-549091-76478193f8\0006.png...
Debug|Extracting C:\Users\lukas\Documents\luktvpl site\tarcza-lisek\program\WatchFace\minimal_pl_4-549091-76478193f8\0007.png...
Debug|Extracting C:\Users\lukas\Documents\luktvpl site\tarcza-lisek\program\WatchFace\minimal_pl_4-549091-76478193f8\0008.png...
Debug|Extracting C:\Users\lukas\Documents\luktvpl site\tarcza-lisek\program\WatchFace\minimal_pl_4-549091-76478193f8\0009.png...
Debug|Extracting C:\Users\lukas\Documents\luktvpl site\tarcza-lisek\program\WatchFace\minimal_pl_4-549091-76478193f8\0010.png...
Debug|Extracting C:\Users\lukas\Documents\luktvpl site\tarcza-lisek\program\WatchFace\minimal_pl_4-549091-76478193f8\0011.png...
Debug|Extracting C:\Users\lukas\Documents\luktvpl site\tarcza-lisek\program\WatchFace\minimal_pl_4-549091-76478193f8\0012.png...
Debug|Extracting C:\Users\lukas\Documents\luktvpl site\tarcza-lisek\program\WatchFace\minimal_pl_4-549091-76478193f8\0013.png...
Debug|Extracting C:\Users\lukas\Documents\luktvpl site\tarcza-lisek\program\WatchFace\minimal_pl_4-549091-76478193f8\0014.png...
Debug|Extracting C:\Users\lukas\Documents\luktvpl site\tarcza-lisek\program\WatchFace\minimal_pl_4-549091-76478193f8\0015.png...
Debug|Extracting C:\Users\lukas\Documents\luktvpl site\tarcza-lisek\program\WatchFace\minimal_pl_4-549091-76478193f8\0016.png...
Debug|Extracting C:\Users\lukas\Documents\luktvpl site\tarcza-lisek\program\WatchFace\minimal_pl_4-549091-76478193f8\0017.png...
Debug|Extracting C:\Users\lukas\Documents\luktvpl site\tarcza-lisek\program\WatchFace\minimal_pl_4-549091-76478193f8\0018.png...
Debug|Extracting C:\Users\lukas\Documents\luktvpl site\tarcza-lisek\program\WatchFace\minimal_pl_4-549091-76478193f8\0019.png...
Debug|Extracting C:\Users\lukas\Documents\luktvpl site\tarcza-lisek\program\WatchFace\minimal_pl_4-549091-76478193f8\0020.png...
Debug|Extracting C:\Users\lukas\Documents\luktvpl site\tarcza-lisek\program\WatchFace\minimal_pl_4-549091-76478193f8\0021.png...
Debug|Extracting C:\Users\lukas\Documents\luktvpl site\tarcza-lisek\program\WatchFace\minimal_pl_4-549091-76478193f8\0022.png...
Debug|Extracting C:\Users\lukas\Documents\luktvpl site\tarcza-lisek\program\WatchFace\minimal_pl_4-549091-76478193f8\0023.png...
Debug|Extracting C:\Users\lukas\Documents\luktvpl site\tarcza-lisek\program\WatchFace\minimal_pl_4-549091-76478193f8\0024.png...
Debug|Extracting C:\Users\lukas\Documents\luktvpl site\tarcza-lisek\program\WatchFace\minimal_pl_4-549091-76478193f8\0025.png...
Debug|Extracting C:\Users\lukas\Documents\luktvpl site\tarcza-lisek\program\WatchFace\minimal_pl_4-549091-76478193f8\0026.png...
Debug|Extracting C:\Users\lukas\Documents\luktvpl site\tarcza-lisek\program\WatchFace\minimal_pl_4-549091-76478193f8\0027.png...
Debug|Extracting C:\Users\lukas\Documents\luktvpl site\tarcza-lisek\program\WatchFace\minimal_pl_4-549091-76478193f8\0028.png...
Debug|Extracting C:\Users\lukas\Documents\luktvpl site\tarcza-lisek\program\WatchFace\minimal_pl_4-549091-76478193f8\0029.png...
Debug|Extracting C:\Users\lukas\Documents\luktvpl site\tarcza-lisek\program\WatchFace\minimal_pl_4-549091-76478193f8\0030.png...
Debug|Extracting C:\Users\lukas\Documents\luktvpl site\tarcza-lisek\program\WatchFace\minimal_pl_4-549091-76478193f8\0031.png...
Debug|Extracting C:\Users\lukas\Documents\luktvpl site\tarcza-lisek\program\WatchFace\minimal_pl_4-549091-76478193f8\0032.png...
Debug|Extracting C:\Users\lukas\Documents\luktvpl site\tarcza-lisek\program\WatchFace\minimal_pl_4-549091-76478193f8\0033.png...
Debug|Extracting C:\Users\lukas\Documents\luktvpl site\tarcza-lisek\program\WatchFace\minimal_pl_4-549091-76478193f8\0034.png...
Debug|Extracting C:\Users\lukas\Documents\luktvpl site\tarcza-lisek\program\WatchFace\minimal_pl_4-549091-76478193f8\0035.png...
Debug|Extracting C:\Users\lukas\Documents\luktvpl site\tarcza-lisek\program\WatchFace\minimal_pl_4-549091-76478193f8\0036.png...
Debug|Extracting C:\Users\lukas\Documents\luktvpl site\tarcza-lisek\program\WatchFace\minimal_pl_4-549091-76478193f8\0037.png...
Debug|Extracting C:\Users\lukas\Documents\luktvpl site\tarcza-lisek\program\WatchFace\minimal_pl_4-549091-76478193f8\0038.png...
Debug|Extracting C:\Users\lukas\Documents\luktvpl site\tarcza-lisek\program\WatchFace\minimal_pl_4-549091-76478193f8\0039.png...
Debug|Extracting C:\Users\lukas\Documents\luktvpl site\tarcza-lisek\program\WatchFace\minimal_pl_4-549091-76478193f8\0040.png...
Debug|Extracting C:\Users\lukas\Documents\luktvpl site\tarcza-lisek\program\WatchFace\minimal_pl_4-549091-76478193f8\0041.png...
Debug|Extracting C:\Users\lukas\Documents\luktvpl site\tarcza-lisek\program\WatchFace\minimal_pl_4-549091-76478193f8\0042.png...
Debug|Extracting C:\Users\lukas\Documents\luktvpl site\tarcza-lisek\program\WatchFace\minimal_pl_4-549091-76478193f8\0043.png...
Debug|Extracting C:\Users\lukas\Documents\luktvpl site\tarcza-lisek\program\WatchFace\minimal_pl_4-549091-76478193f8\0044.png...
Debug|Extracting C:\Users\lukas\Documents\luktvpl site\tarcza-lisek\program\WatchFace\minimal_pl_4-549091-76478193f8\0045.png...
Debug|Extracting C:\Users\lukas\Documents\luktvpl site\tarcza-lisek\program\WatchFace\minimal_pl_4-549091-76478193f8\0046.png...
Debug|Extracting C:\Users\lukas\Documents\luktvpl site\tarcza-lisek\program\WatchFace\minimal_pl_4-549091-76478193f8\0047.png...
Debug|Extracting C:\Users\lukas\Documents\luktvpl site\tarcza-lisek\program\WatchFace\minimal_pl_4-549091-76478193f8\0048.png...
Debug|Extracting C:\Users\lukas\Documents\luktvpl site\tarcza-lisek\program\WatchFace\minimal_pl_4-549091-76478193f8\0049.png...
Debug|Extracting C:\Users\lukas\Documents\luktvpl site\tarcza-lisek\program\WatchFace\minimal_pl_4-549091-76478193f8\0050.png...
Debug|Extracting C:\Users\lukas\Documents\luktvpl site\tarcza-lisek\program\WatchFace\minimal_pl_4-549091-76478193f8\0051.png...
Debug|Extracting C:\Users\lukas\Documents\luktvpl site\tarcza-lisek\program\WatchFace\minimal_pl_4-549091-76478193f8\0052.png...
Debug|Extracting C:\Users\lukas\Documents\luktvpl site\tarcza-lisek\program\WatchFace\minimal_pl_4-549091-76478193f8\0053.png...
Debug|Extracting C:\Users\lukas\Documents\luktvpl site\tarcza-lisek\program\WatchFace\minimal_pl_4-549091-76478193f8\0054.png...
Debug|Extracting C:\Users\lukas\Documents\luktvpl site\tarcza-lisek\program\WatchFace\minimal_pl_4-549091-76478193f8\0055.png...
Debug|Extracting C:\Users\lukas\Documents\luktvpl site\tarcza-lisek\program\WatchFace\minimal_pl_4-549091-76478193f8\0056.png...
Debug|Extracting C:\Users\lukas\Documents\luktvpl site\tarcza-lisek\program\WatchFace\minimal_pl_4-549091-76478193f8\0057.png...
Debug|Extracting C:\Users\lukas\Documents\luktvpl site\tarcza-lisek\program\WatchFace\minimal_pl_4-549091-76478193f8\0058.png...
Debug|Extracting C:\Users\lukas\Documents\luktvpl site\tarcza-lisek\program\WatchFace\minimal_pl_4-549091-76478193f8\0059.png...
Debug|Extracting C:\Users\lukas\Documents\luktvpl site\tarcza-lisek\program\WatchFace\minimal_pl_4-549091-76478193f8\0060.png...
Debug|Extracting C:\Users\lukas\Documents\luktvpl site\tarcza-lisek\program\WatchFace\minimal_pl_4-549091-76478193f8\0061.png...
Debug|Extracting C:\Users\lukas\Documents\luktvpl site\tarcza-lisek\program\WatchFace\minimal_pl_4-549091-76478193f8\0062.png...
Debug|Extracting C:\Users\lukas\Documents\luktvpl site\tarcza-lisek\program\WatchFace\minimal_pl_4-549091-76478193f8\0063.png...
Debug|Extracting C:\Users\lukas\Documents\luktvpl site\tarcza-lisek\program\WatchFace\minimal_pl_4-549091-76478193f8\0064.png...
Debug|Extracting C:\Users\lukas\Documents\luktvpl site\tarcza-lisek\program\WatchFace\minimal_pl_4-549091-76478193f8\0065.png...
Debug|Extracting C:\Users\lukas\Documents\luktvpl site\tarcza-lisek\program\WatchFace\minimal_pl_4-549091-76478193f8\0066.png...
Debug|Extracting C:\Users\lukas\Documents\luktvpl site\tarcza-lisek\program\WatchFace\minimal_pl_4-549091-76478193f8\0067.png...
Debug|Extracting C:\Users\lukas\Documents\luktvpl site\tarcza-lisek\program\WatchFace\minimal_pl_4-549091-76478193f8\0068.png...
Debug|Extracting C:\Users\lukas\Documents\luktvpl site\tarcza-lisek\program\WatchFace\minimal_pl_4-549091-76478193f8\0069.png...
Debug|Extracting C:\Users\lukas\Documents\luktvpl site\tarcza-lisek\program\WatchFace\minimal_pl_4-549091-76478193f8\0070.png...
Debug|Extracting C:\Users\lukas\Documents\luktvpl site\tarcza-lisek\program\WatchFace\minimal_pl_4-549091-76478193f8\0071.png...
Debug|Extracting C:\Users\lukas\Documents\luktvpl site\tarcza-lisek\program\WatchFace\minimal_pl_4-549091-76478193f8\0072.png...
Debug|Extracting C:\Users\lukas\Documents\luktvpl site\tarcza-lisek\program\WatchFace\minimal_pl_4-549091-76478193f8\0073.png...
Debug|Extracting C:\Users\lukas\Documents\luktvpl site\tarcza-lisek\program\WatchFace\minimal_pl_4-549091-76478193f8\0074.png...
Debug|Extracting C:\Users\lukas\Documents\luktvpl site\tarcza-lisek\program\WatchFace\minimal_pl_4-549091-76478193f8\0075.png...
Debug|Extracting C:\Users\lukas\Documents\luktvpl site\tarcza-lisek\program\WatchFace\minimal_pl_4-549091-76478193f8\0076.png...
Debug|Extracting C:\Users\lukas\Documents\luktvpl site\tarcza-lisek\program\WatchFace\minimal_pl_4-549091-76478193f8\0077.png...
Debug|Extracting C:\Users\lukas\Documents\luktvpl site\tarcza-lisek\program\WatchFace\minimal_pl_4-549091-76478193f8\0078.png...
Debug|Extracting C:\Users\lukas\Documents\luktvpl site\tarcza-lisek\program\WatchFace\minimal_pl_4-549091-76478193f8\0079.png...
Debug|Extracting C:\Users\lukas\Documents\luktvpl site\tarcza-lisek\program\WatchFace\minimal_pl_4-549091-76478193f8\0080.png...
Debug|Extracting C:\Users\lukas\Documents\luktvpl site\tarcza-lisek\program\WatchFace\minimal_pl_4-549091-76478193f8\0081.png...
Debug|Extracting C:\Users\lukas\Documents\luktvpl site\tarcza-lisek\program\WatchFace\minimal_pl_4-549091-76478193f8\0082.png...
Debug|Extracting C:\Users\lukas\Documents\luktvpl site\tarcza-lisek\program\WatchFace\minimal_pl_4-549091-76478193f8\0083.png...
Debug|Extracting C:\Users\lukas\Documents\luktvpl site\tarcza-lisek\program\WatchFace\minimal_pl_4-549091-76478193f8\0084.png...
Debug|Extracting C:\Users\lukas\Documents\luktvpl site\tarcza-lisek\program\WatchFace\minimal_pl_4-549091-76478193f8\0085.png...
Debug|Extracting C:\Users\lukas\Documents\luktvpl site\tarcza-lisek\program\WatchFace\minimal_pl_4-549091-76478193f8\0086.png...
Debug|Extracting C:\Users\lukas\Documents\luktvpl site\tarcza-lisek\program\WatchFace\minimal_pl_4-549091-76478193f8\0087.png...
Debug|Extracting C:\Users\lukas\Documents\luktvpl site\tarcza-lisek\program\WatchFace\minimal_pl_4-549091-76478193f8\0088.png...
Debug|Extracting C:\Users\lukas\Documents\luktvpl site\tarcza-lisek\program\WatchFace\minimal_pl_4-549091-76478193f8\0089.png...
Debug|Extracting C:\Users\lukas\Documents\luktvpl site\tarcza-lisek\program\WatchFace\minimal_pl_4-549091-76478193f8\0090.png...
Debug|Extracting C:\Users\lukas\Documents\luktvpl site\tarcza-lisek\program\WatchFace\minimal_pl_4-549091-76478193f8\0091.png...
Debug|Extracting C:\Users\lukas\Documents\luktvpl site\tarcza-lisek\program\WatchFace\minimal_pl_4-549091-76478193f8\0092.png...
Debug|Extracting C:\Users\lukas\Documents\luktvpl site\tarcza-lisek\program\WatchFace\minimal_pl_4-549091-76478193f8\0093.png...
Debug|Extracting C:\Users\lukas\Documents\luktvpl site\tarcza-lisek\program\WatchFace\minimal_pl_4-549091-76478193f8\0094.png...
Debug|Extracting C:\Users\lukas\Documents\luktvpl site\tarcza-lisek\program\WatchFace\minimal_pl_4-549091-76478193f8\0095.png...
Debug|Extracting C:\Users\lukas\Documents\luktvpl site\tarcza-lisek\program\WatchFace\minimal_pl_4-549091-76478193f8\0096.png...
Debug|Extracting C:\Users\lukas\Documents\luktvpl site\tarcza-lisek\program\WatchFace\minimal_pl_4-549091-76478193f8\0097.png...
Debug|Extracting C:\Users\lukas\Documents\luktvpl site\tarcza-lisek\program\WatchFace\minimal_pl_4-549091-76478193f8\0098.png...
Debug|Extracting C:\Users\lukas\Documents\luktvpl site\tarcza-lisek\program\WatchFace\minimal_pl_4-549091-76478193f8\0099.png...
Debug|Extracting C:\Users\lukas\Documents\luktvpl site\tarcza-lisek\program\WatchFace\minimal_pl_4-549091-76478193f8\0100.png...
Debug|Extracting C:\Users\lukas\Documents\luktvpl site\tarcza-lisek\program\WatchFace\minimal_pl_4-549091-76478193f8\0101.png...
Debug|Extracting C:\Users\lukas\Documents\luktvpl site\tarcza-lisek\program\WatchFace\minimal_pl_4-549091-76478193f8\0102.png...
Debug|Extracting C:\Users\lukas\Documents\luktvpl site\tarcza-lisek\program\WatchFace\minimal_pl_4-549091-76478193f8\0103.png...
Debug|Extracting C:\Users\lukas\Documents\luktvpl site\tarcza-lisek\program\WatchFace\minimal_pl_4-549091-76478193f8\0104.png...
Debug|Extracting C:\Users\lukas\Documents\luktvpl site\tarcza-lisek\program\WatchFace\minimal_pl_4-549091-76478193f8\0105.png...
Debug|Extracting C:\Users\lukas\Documents\luktvpl site\tarcza-lisek\program\WatchFace\minimal_pl_4-549091-76478193f8\0106.png...
Debug|Extracting C:\Users\lukas\Documents\luktvpl site\tarcza-lisek\program\WatchFace\minimal_pl_4-549091-76478193f8\0107.png...
Debug|Extracting C:\Users\lukas\Documents\luktvpl site\tarcza-lisek\program\WatchFace\minimal_pl_4-549091-76478193f8\0108.png...
Debug|Exporting config...
