Debug|Reading config...
Debug|Reading referenced images from 'C:\Users\lukas\Documents\luktvpl site\tarcza-lisek\program\WatchFace\build'
Trace|Loading resources for 3 'Time'
Trace|Loading resources for 3.1 'TwoDigits'
Trace|Loading resources for 3.1.1 'ImageSet'
Trace|Loading image 0...
Trace|Image was loaded from file C:\Users\lukas\Documents\luktvpl site\tarcza-lisek\program\WatchFace\build\0000.png
Trace|Loading image 1...
Trace|Image was loaded from file C:\Users\lukas\Documents\luktvpl site\tarcza-lisek\program\WatchFace\build\0001.png
Trace|Loading image 2...
Trace|Image was loaded from file C:\Users\lukas\Documents\luktvpl site\tarcza-lisek\program\WatchFace\build\0002.png
Trace|Loading image 3...
Trace|Image was loaded from file C:\Users\lukas\Documents\luktvpl site\tarcza-lisek\program\WatchFace\build\0003.png
Trace|Loading image 4...
Trace|Image was loaded from file C:\Users\lukas\Documents\luktvpl site\tarcza-lisek\program\WatchFace\build\0004.png
Trace|Loading image 5...
Trace|Image was loaded from file C:\Users\lukas\Documents\luktvpl site\tarcza-lisek\program\WatchFace\build\0005.png
Trace|Loading image 6...
Trace|Image was loaded from file C:\Users\lukas\Documents\luktvpl site\tarcza-lisek\program\WatchFace\build\0006.png
Trace|Loading image 7...
Trace|Image was loaded from file C:\Users\lukas\Documents\luktvpl site\tarcza-lisek\program\WatchFace\build\0007.png
Trace|Loading image 8...
Trace|Image was loaded from file C:\Users\lukas\Documents\luktvpl site\tarcza-lisek\program\WatchFace\build\0008.png
Trace|Loading image 9...
Trace|Image was loaded from file C:\Users\lukas\Documents\luktvpl site\tarcza-lisek\program\WatchFace\build\0009.png
Trace|Loading resources for 3.1.2 'ImageSet'
Trace|Loading image 10...
Trace|Image was loaded from file C:\Users\lukas\Documents\luktvpl site\tarcza-lisek\program\WatchFace\build\0010.png
Trace|Loading image 11...
Trace|Image was loaded from file C:\Users\lukas\Documents\luktvpl site\tarcza-lisek\program\WatchFace\build\0011.png
Trace|Loading image 12...
Trace|Image was loaded from file C:\Users\lukas\Documents\luktvpl site\tarcza-lisek\program\WatchFace\build\0012.png
Trace|Loading resources for 3.2 'TwoDigits'
Trace|Loading resources for 3.2.1 'ImageSet'
Trace|Loading resources for 3.2.2 'ImageSet'
Trace|Loading resources for 3.7 'Number'
Trace|Loading resources for 3.7.5 'TextAlignment'
Trace|Loading resources for 4 'Activity'
Trace|Loading resources for 4.1 'Steps'
Trace|Loading resources for 4.1.1 'Number'
Trace|Loading resources for 4.1.1.5 'TextAlignment'
Trace|Loading image 24...
Trace|Image was loaded from file C:\Users\lukas\Documents\luktvpl site\tarcza-lisek\program\WatchFace\build\0024.png
Trace|Loading image 25...
Trace|Image was loaded from file C:\Users\lukas\Documents\luktvpl site\tarcza-lisek\program\WatchFace\build\0025.png
Trace|Loading image 26...
Trace|Image was loaded from file C:\Users\lukas\Documents\luktvpl site\tarcza-lisek\program\WatchFace\build\0026.png
Trace|Loading image 27...
Trace|Image was loaded from file C:\Users\lukas\Documents\luktvpl site\tarcza-lisek\program\WatchFace\build\0027.png
Trace|Loading image 28...
Trace|Image was loaded from file C:\Users\lukas\Documents\luktvpl site\tarcza-lisek\program\WatchFace\build\0028.png
Trace|Loading image 29...
Trace|Image was loaded from file C:\Users\lukas\Documents\luktvpl site\tarcza-lisek\program\WatchFace\build\0029.png
Trace|Loading image 30...
Trace|Image was loaded from file C:\Users\lukas\Documents\luktvpl site\tarcza-lisek\program\WatchFace\build\0030.png
Trace|Loading image 31...
Trace|Image was loaded from file C:\Users\lukas\Documents\luktvpl site\tarcza-lisek\program\WatchFace\build\0031.png
Trace|Loading image 32...
Trace|Image was loaded from file C:\Users\lukas\Documents\luktvpl site\tarcza-lisek\program\WatchFace\build\0032.png
Trace|Loading image 33...
Trace|Image was loaded from file C:\Users\lukas\Documents\luktvpl site\tarcza-lisek\program\WatchFace\build\0033.png
Trace|Loading resources for 4.4 'PulseWrapper'
Trace|Loading resources for 4.4.1 'Number'
Trace|Loading resources for 4.4.1.5 'TextAlignment'
Trace|Loading resources for 4.6 'PAIWrapper'
Trace|Loading resources for 4.6.1 'Number'
Trace|Loading resources for 4.6.1.5 'TextAlignment'
Trace|Loading resources for 5 'Date'
Trace|Loading resources for 5.1 'MonthAndDayAndYear'
Trace|Loading resources for 5.1.1 'SeparateMonthAndDay'
Trace|Loading resources for 5.1.1.1 'Number'
Trace|Loading resources for 5.1.1.1.5 'TextAlignment'
Trace|Loading resources for 5.1.1.4 'Number'
Trace|Loading resources for 5.1.1.4.5 'TextAlignment'
Trace|Loading resources for 5.1.4 'Boolean'
Trace|Loading resources for 5.1.5 'Boolean'
Trace|Loading resources for 9 'Battery'
Trace|Loading resources for 9.1 'BatteryTextWrapper'
Trace|Loading resources for 9.1.1 'Number'
Trace|Loading resources for 9.1.1.5 'TextAlignment'
Trace|Loading image 41...
Trace|Image was loaded from file C:\Users\lukas\Documents\luktvpl site\tarcza-lisek\program\WatchFace\build\0041.png
Trace|Loading resources for 9.2 'ImageSet'
Trace|Loading image 14...
Trace|Image was loaded from file C:\Users\lukas\Documents\luktvpl site\tarcza-lisek\program\WatchFace\build\0014.png
Trace|Loading image 15...
Trace|Image was loaded from file C:\Users\lukas\Documents\luktvpl site\tarcza-lisek\program\WatchFace\build\0015.png
Trace|Loading image 16...
Trace|Image was loaded from file C:\Users\lukas\Documents\luktvpl site\tarcza-lisek\program\WatchFace\build\0016.png
Trace|Loading image 17...
Trace|Image was loaded from file C:\Users\lukas\Documents\luktvpl site\tarcza-lisek\program\WatchFace\build\0017.png
Trace|Loading image 18...
Trace|Image was loaded from file C:\Users\lukas\Documents\luktvpl site\tarcza-lisek\program\WatchFace\build\0018.png
Trace|Loading image 19...
Trace|Image was loaded from file C:\Users\lukas\Documents\luktvpl site\tarcza-lisek\program\WatchFace\build\0019.png
Trace|Loading image 20...
Trace|Image was loaded from file C:\Users\lukas\Documents\luktvpl site\tarcza-lisek\program\WatchFace\build\0020.png
Trace|Loading image 21...
Trace|Image was loaded from file C:\Users\lukas\Documents\luktvpl site\tarcza-lisek\program\WatchFace\build\0021.png
Trace|Loading image 22...
Trace|Image was loaded from file C:\Users\lukas\Documents\luktvpl site\tarcza-lisek\program\WatchFace\build\0022.png
Trace|Loading image 23...
Trace|Image was loaded from file C:\Users\lukas\Documents\luktvpl site\tarcza-lisek\program\WatchFace\build\0023.png
Trace|Loading resources for 11 'Other'
Trace|Loading resources for 11.1 'Animation'
Trace|Loading resources for 11.1.1 'ImageSet'
Trace|Loading image 42...
Trace|Image was loaded from file C:\Users\lukas\Documents\luktvpl site\tarcza-lisek\program\WatchFace\build\0042.png
Trace|Loading image 43...
Trace|Image was loaded from file C:\Users\lukas\Documents\luktvpl site\tarcza-lisek\program\WatchFace\build\0043.png
Trace|Loading image 44...
Trace|Image was loaded from file C:\Users\lukas\Documents\luktvpl site\tarcza-lisek\program\WatchFace\build\0044.png
Trace|Loading image 45...
Trace|Image was loaded from file C:\Users\lukas\Documents\luktvpl site\tarcza-lisek\program\WatchFace\build\0045.png
Trace|Loading image 46...
Trace|Image was loaded from file C:\Users\lukas\Documents\luktvpl site\tarcza-lisek\program\WatchFace\build\0046.png
Trace|Loading image 47...
Trace|Image was loaded from file C:\Users\lukas\Documents\luktvpl site\tarcza-lisek\program\WatchFace\build\0047.png
Trace|Loading image 48...
Trace|Image was loaded from file C:\Users\lukas\Documents\luktvpl site\tarcza-lisek\program\WatchFace\build\0048.png
Trace|Loading image 49...
Trace|Image was loaded from file C:\Users\lukas\Documents\luktvpl site\tarcza-lisek\program\WatchFace\build\0049.png
Trace|Loading resources for 14 'WeekDaysIcons'
Trace|Loading resources for 14.1 'ImageBasic'
Trace|Loading image 34...
Trace|Image was loaded from file C:\Users\lukas\Documents\luktvpl site\tarcza-lisek\program\WatchFace\build\0034.png
Trace|Loading resources for 14.2 'ImageBasic'
Trace|Loading image 35...
Trace|Image was loaded from file C:\Users\lukas\Documents\luktvpl site\tarcza-lisek\program\WatchFace\build\0035.png
Trace|Loading resources for 14.3 'ImageBasic'
Trace|Loading image 36...
Trace|Image was loaded from file C:\Users\lukas\Documents\luktvpl site\tarcza-lisek\program\WatchFace\build\0036.png
Trace|Loading resources for 14.4 'ImageBasic'
Trace|Loading image 37...
Trace|Image was loaded from file C:\Users\lukas\Documents\luktvpl site\tarcza-lisek\program\WatchFace\build\0037.png
Trace|Loading resources for 14.5 'ImageBasic'
Trace|Loading image 38...
Trace|Image was loaded from file C:\Users\lukas\Documents\luktvpl site\tarcza-lisek\program\WatchFace\build\0038.png
Trace|Loading resources for 14.6 'ImageBasic'
Trace|Loading image 39...
Trace|Image was loaded from file C:\Users\lukas\Documents\luktvpl site\tarcza-lisek\program\WatchFace\build\0039.png
Trace|Loading resources for 14.7 'ImageBasic'
Trace|Loading image 40...
Trace|Image was loaded from file C:\Users\lukas\Documents\luktvpl site\tarcza-lisek\program\WatchFace\build\0040.png
Trace|Verifiying Resources...
Trace|Order change, moving14 to 13
Trace|Order change, moving15 to 14
Trace|Order change, moving16 to 15
Trace|Order change, moving17 to 16
Trace|Order change, moving18 to 17
Trace|Order change, moving19 to 18
Trace|Order change, moving20 to 19
Trace|Order change, moving21 to 20
Trace|Order change, moving22 to 21
Trace|Order change, moving23 to 22
Trace|Order change, moving24 to 23
Trace|Order change, moving25 to 24
Trace|Order change, moving26 to 25
Trace|Order change, moving27 to 26
Trace|Order change, moving28 to 27
Trace|Order change, moving29 to 28
Trace|Order change, moving30 to 29
Trace|Order change, moving31 to 30
Trace|Order change, moving32 to 31
Trace|Order change, moving33 to 32
Trace|Order change, moving34 to 33
Trace|Order change, moving35 to 34
Trace|Order change, moving36 to 35
Trace|Order change, moving37 to 36
Trace|Order change, moving38 to 37
Trace|Order change, moving39 to 38
Trace|Order change, moving40 to 39
Trace|Order change, moving41 to 40
Trace|Order change, moving42 to 41
Trace|Order change, moving43 to 42
Trace|Order change, moving44 to 43
Trace|Order change, moving45 to 44
Trace|Order change, moving46 to 45
Trace|Order change, moving47 to 46
Trace|Order change, moving48 to 47
Trace|Order change, moving49 to 48
Trace|Building parameters for watch face...
Trace|3.1.1.1 'X': 0
Trace|3.1.1.2 'Y': 0
Trace|3.1.1.3 'ImageIndex': 0
Trace|3.1.1.4 'ImagesCount': 10
Trace|3.1.1 'Tens'
Trace|3.1.2.1 'X': 141
Trace|3.1.2.2 'Y': 75
Trace|3.1.2.3 'ImageIndex': 3
Trace|3.1.2.4 'ImagesCount': 10
Trace|3.1.2 'Ones'
Trace|3.1 'Hours'
Trace|3.2.1.1 'X': 178
Trace|3.2.1.2 'Y': 94
Trace|3.2.1.3 'ImageIndex': 3
Trace|3.2.1.4 'ImagesCount': 10
Trace|3.2.1 'Tens'
Trace|3.2.2.1 'X': 152
Trace|3.2.2.2 'Y': 105
Trace|3.2.2.3 'ImageIndex': 3
Trace|3.2.2.4 'ImagesCount': 10
Trace|3.2.2 'Ones'
Trace|3.2 'Minutes'
Trace|3.7.1 'TopLeftX': 6
Trace|3.7.2 'TopLeftY': 27
Trace|3.7.3 'BottomRightX': 7
Trace|3.7.4 'BottomRightY': 28
Trace|3.7.5 'Alignment': 18
Trace|3.7.6 'SpacingX': 3
Trace|3.7.7 'SpacingY': 0
Trace|3.7.8 'ImageIndex': 3
Trace|3.7.9 'ImagesCount': 10
Trace|3.7 'TimeZone1'
Trace|3.11 'UnknownV11': 0
Trace|3 'Time'
Trace|4.1.1.1 'TopLeftX': 13
Trace|4.1.1.2 'TopLeftY': 74
Trace|4.1.1.3 'BottomRightX': 14
Trace|4.1.1.4 'BottomRightY': 75
Trace|4.1.1.5 'Alignment': 18
Trace|4.1.1.6 'SpacingX': -5
Trace|4.1.1.7 'SpacingY': 0
Trace|4.1.1.8 'ImageIndex': 23
Trace|4.1.1.9 'ImagesCount': 10
Trace|4.1.1 'Number'
Trace|4.1 'Steps'
Trace|4.4.1.1 'TopLeftX': 17
Trace|4.4.1.2 'TopLeftY': 92
Trace|4.4.1.3 'BottomRightX': 18
Trace|4.4.1.4 'BottomRightY': 93
Trace|4.4.1.5 'Alignment': 18
Trace|4.4.1.6 'SpacingX': -8
Trace|4.4.1.7 'SpacingY': 0
Trace|4.4.1.8 'ImageIndex': 23
Trace|4.4.1.9 'ImagesCount': 10
Trace|4.4.1 'Number'
Trace|4.4 'Pulse'
Trace|4.6.1.1 'TopLeftX': 81
Trace|4.6.1.2 'TopLeftY': 92
Trace|4.6.1.3 'BottomRightX': 82
Trace|4.6.1.4 'BottomRightY': 93
Trace|4.6.1.5 'Alignment': 18
Trace|4.6.1.6 'SpacingX': -5
Trace|4.6.1.7 'SpacingY': 0
Trace|4.6.1.8 'ImageIndex': 23
Trace|4.6.1.9 'ImagesCount': 10
Trace|4.6.1 'Number'
Trace|4.6 'PAI'
Trace|4.7 'UnknownV7': 0
Trace|4 'Activity'
Trace|5.1.1.1.1 'TopLeftX': 103
Trace|5.1.1.1.2 'TopLeftY': 74
Trace|5.1.1.1.3 'BottomRightX': 104
Trace|5.1.1.1.4 'BottomRightY': 75
Trace|5.1.1.1.5 'Alignment': 18
Trace|5.1.1.1.6 'SpacingX': -5
Trace|5.1.1.1.7 'SpacingY': 0
Trace|5.1.1.1.8 'ImageIndex': 23
Trace|5.1.1.1.9 'ImagesCount': 10
Trace|5.1.1.1 'Month'
Trace|5.1.1.4.1 'TopLeftX': 79
Trace|5.1.1.4.2 'TopLeftY': 74
Trace|5.1.1.4.3 'BottomRightX': 80
Trace|5.1.1.4.4 'BottomRightY': 75
Trace|5.1.1.4.5 'Alignment': 18
Trace|5.1.1.4.6 'SpacingX': -5
Trace|5.1.1.4.7 'SpacingY': 0
Trace|5.1.1.4.8 'ImageIndex': 23
Trace|5.1.1.4.9 'ImagesCount': 10
Trace|5.1.1.4 'Day'
Trace|5.1.1 'Separate'
Trace|5.1.4 'TwoDigitsMonth': 1
Trace|5.1.5 'TwoDigitsDay': 1
Trace|5.1 'MonthAndDayAndYear'
Trace|5 'Date'
Trace|9.1.1.1 'TopLeftX': 47
Trace|9.1.1.2 'TopLeftY': 2
Trace|9.1.1.3 'BottomRightX': 48
Trace|9.1.1.4 'BottomRightY': 3
Trace|9.1.1.5 'Alignment': 18
Trace|9.1.1.6 'SpacingX': -2
Trace|9.1.1.7 'SpacingY': 0
Trace|9.1.1.8 'ImageIndex': 23
Trace|9.1.1.9 'ImagesCount': 10
Trace|9.1.1 'Coordinates'
Trace|9.1.4 'SuffixImageIndex': 40
Trace|9.1 'BatteryText'
Trace|9.2.1 'X': 96
Trace|9.2.2 'Y': 1
Trace|9.2.3 'ImageIndex': 13
Trace|9.2.4 'ImagesCount': 10
Trace|9.2 'BatteryIcon'
Trace|9 'Battery'
Trace|11.1 'Animation'
Trace|11.1.1.1 'X': 48
Trace|11.1.1.2 'Y': 230
Trace|11.1.1.3 'ImageIndex': 41
Trace|11.1.1.4 'ImagesCount': 8
Trace|11.1.1 'AnimationImages'
Trace|11.1.2 'Speed': 100
Trace|11.1.3 'RepeatCount': 10
Trace|11.1.4 'UnknownTF4': 1
Trace|11 'Other'
Trace|14.1.1 'X': 0
Trace|14.1.2 'Y': 260
Trace|14.1.3 'ImageIndex': 33
Trace|14.1 'Monday'
Trace|14.2.1 'X': 0
Trace|14.2.2 'Y': 260
Trace|14.2.3 'ImageIndex': 34
Trace|14.2 'Tuesday'
Trace|14.3.1 'X': 0
Trace|14.3.2 'Y': 260
Trace|14.3.3 'ImageIndex': 35
Trace|14.3 'Wednesday'
Trace|14.4.1 'X': 0
Trace|14.4.2 'Y': 260
Trace|14.4.3 'ImageIndex': 36
Trace|14.4 'Thursday'
Trace|14.5.1 'X': 0
Trace|14.5.2 'Y': 260
Trace|14.5.3 'ImageIndex': 37
Trace|14.5 'Friday'
Trace|14.6.1 'X': 0
Trace|14.6.2 'Y': 260
Trace|14.6.3 'ImageIndex': 38
Trace|14.6 'Saturday'
Trace|14.7.1 'X': 0
Trace|14.7.2 'Y': 260
Trace|14.7.3 'ImageIndex': 39
Trace|14.7 'Sunday'
Trace|14 'WeekDaysIcons'
Debug|Generating previews...
Error|System.NullReferenceException: Odwo³anie do obiektu nie zosta³o ustawione na wyst¹pienie obiektu.
   w WatchFace.Parser.Helpers.DrawerHelper.<>c__DisplayClass2_0.<DrawTime>b__0(BitmapList x)
   w System.Linq.Enumerable.FirstOrDefault[TSource](IEnumerable`1 source, Func`2 predicate)
   w WatchFace.Parser.Helpers.DrawerHelper.DrawTime(Graphics drawer, WatchState state, List`1 images, NumberElement time, ValueElement delimiter, ImageElement noTime)
   w WatchFace.Parser.Models.Elements.TimeElement.Draw(Graphics drawer, List`1 images, WatchState state)
   w WatchFace.Parser.Models.Elements.ContainerElement.Draw(Graphics drawer, List`1 images, WatchState state)
   w WatchFace.Parser.PreviewGenerator.CreateFrame(IDrawable watchFace, List`1 resources, WatchState state)
   w b7cTu3KRjTjeh8eWdW.IcBS7O1TSZm4p3TgYK.Ba7PW3i2V(List`1  , List`1  , String  , String  , Int32  )
   w b7cTu3KRjTjeh8eWdW.IcBS7O1TSZm4p3TgYK.UrRK32Ma4(String  , String  , String  , WatchFace  )
Debug|Writing watch face to 'C:\Users\lukas\Documents\luktvpl site\tarcza-lisek\program\WatchFace\build\build_packed.bin'
Trace|Encoding parameters...
Trace|Parameter: 3
Trace|1 (0A):
Trace|    1 (0A):
Trace|        1 (08): 0 (00)
Trace|        2 (10): 0 (00)
Trace|        3 (18): 0 (00)
Trace|        4 (20): 10 (0A)
Trace|    10 bytes
Trace|    2 (12):
Trace|        1 (08): 141 (8D)
Trace|        2 (10): 75 (4B)
Trace|        3 (18): 3 (03)
Trace|        4 (20): 10 (0A)
Trace|    11 bytes
Trace|23 bytes
Trace|2 (12):
Trace|    1 (0A):
Trace|        1 (08): 178 (B2)
Trace|        2 (10): 94 (5E)
Trace|        3 (18): 3 (03)
Trace|        4 (20): 10 (0A)
Trace|    11 bytes
Trace|    2 (12):
Trace|        1 (08): 152 (98)
Trace|        2 (10): 105 (69)
Trace|        3 (18): 3 (03)
Trace|        4 (20): 10 (0A)
Trace|    11 bytes
Trace|24 bytes
Trace|7 (3A):
Trace|    1 (08): 6 (06)
Trace|    2 (10): 27 (1B)
Trace|    3 (18): 7 (07)
Trace|    4 (20): 28 (1C)
Trace|    5 (28): 18 (12)
Trace|    6 (30): 3 (03)
Trace|    7 (38): 0 (00)
Trace|    8 (40): 3 (03)
Trace|    9 (48): 10 (0A)
Trace|20 bytes
Trace|11 (58): 0 (00)
Trace|Parameter: 4
Trace|1 (0A):
Trace|    1 (0A):
Trace|        1 (08): 13 (0D)
Trace|        2 (10): 74 (4A)
Trace|        3 (18): 14 (0E)
Trace|        4 (20): 75 (4B)
Trace|        5 (28): 18 (12)
Trace|        6 (30): -5 (FFFFFFFFFFFFFFFB)
Trace|        7 (38): 0 (00)
Trace|        8 (40): 23 (17)
Trace|        9 (48): 10 (0A)
Trace|    29 bytes
Trace|31 bytes
Trace|4 (22):
Trace|    1 (0A):
Trace|        1 (08): 17 (11)
Trace|        2 (10): 92 (5C)
Trace|        3 (18): 18 (12)
Trace|        4 (20): 93 (5D)
Trace|        5 (28): 18 (12)
Trace|        6 (30): -8 (FFFFFFFFFFFFFFF8)
Trace|        7 (38): 0 (00)
Trace|        8 (40): 23 (17)
Trace|        9 (48): 10 (0A)
Trace|    29 bytes
Trace|31 bytes
Trace|6 (32):
Trace|    1 (0A):
Trace|        1 (08): 81 (51)
Trace|        2 (10): 92 (5C)
Trace|        3 (18): 82 (52)
Trace|        4 (20): 93 (5D)
Trace|        5 (28): 18 (12)
Trace|        6 (30): -5 (FFFFFFFFFFFFFFFB)
Trace|        7 (38): 0 (00)
Trace|        8 (40): 23 (17)
Trace|        9 (48): 10 (0A)
Trace|    29 bytes
Trace|31 bytes
Trace|7 (38): 0 (00)
Trace|Parameter: 5
Trace|1 (0A):
Trace|    1 (0A):
Trace|        1 (0A):
Trace|            1 (08): 103 (67)
Trace|            2 (10): 74 (4A)
Trace|            3 (18): 104 (68)
Trace|            4 (20): 75 (4B)
Trace|            5 (28): 18 (12)
Trace|            6 (30): -5 (FFFFFFFFFFFFFFFB)
Trace|            7 (38): 0 (00)
Trace|            8 (40): 23 (17)
Trace|            9 (48): 10 (0A)
Trace|        29 bytes
Trace|        4 (22):
Trace|            1 (08): 79 (4F)
Trace|            2 (10): 74 (4A)
Trace|            3 (18): 80 (50)
Trace|            4 (20): 75 (4B)
Trace|            5 (28): 18 (12)
Trace|            6 (30): -5 (FFFFFFFFFFFFFFFB)
Trace|            7 (38): 0 (00)
Trace|            8 (40): 23 (17)
Trace|            9 (48): 10 (0A)
Trace|        29 bytes
Trace|    60 bytes
Trace|    4 (20): 1 (01)
Trace|    5 (28): 1 (01)
Trace|66 bytes
Trace|Parameter: 9
Trace|1 (0A):
Trace|    1 (0A):
Trace|        1 (08): 47 (2F)
Trace|        2 (10): 2 (02)
Trace|        3 (18): 48 (30)
Trace|        4 (20): 3 (03)
Trace|        5 (28): 18 (12)
Trace|        6 (30): -2 (FFFFFFFFFFFFFFFE)
Trace|        7 (38): 0 (00)
Trace|        8 (40): 23 (17)
Trace|        9 (48): 10 (0A)
Trace|    29 bytes
Trace|    4 (20): 40 (28)
Trace|33 bytes
Trace|2 (12):
Trace|    1 (08): 96 (60)
Trace|    2 (10): 1 (01)
Trace|    3 (18): 13 (0D)
Trace|    4 (20): 10 (0A)
Trace|10 bytes
Trace|Parameter: 11
Trace|1 (0A):
Trace|    1 (0A):
Trace|        1 (08): 48 (30)
Trace|        2 (10): 230 (E6)
Trace|        3 (18): 41 (29)
Trace|        4 (20): 8 (08)
Trace|    11 bytes
Trace|    2 (10): 100 (64)
Trace|    3 (18): 10 (0A)
Trace|    4 (20): 1 (01)
Trace|19 bytes
Trace|Parameter: 14
Trace|1 (0A):
Trace|    1 (08): 0 (00)
Trace|    2 (10): 260 (104)
Trace|    3 (18): 33 (21)
Trace|9 bytes
Trace|2 (12):
Trace|    1 (08): 0 (00)
Trace|    2 (10): 260 (104)
Trace|    3 (18): 34 (22)
Trace|9 bytes
Trace|3 (1A):
Trace|    1 (08): 0 (00)
Trace|    2 (10): 260 (104)
Trace|    3 (18): 35 (23)
Trace|9 bytes
Trace|4 (22):
Trace|    1 (08): 0 (00)
Trace|    2 (10): 260 (104)
Trace|    3 (18): 36 (24)
Trace|9 bytes
Trace|5 (2A):
Trace|    1 (08): 0 (00)
Trace|    2 (10): 260 (104)
Trace|    3 (18): 37 (25)
Trace|9 bytes
Trace|6 (32):
Trace|    1 (08): 0 (00)
Trace|    2 (10): 260 (104)
Trace|    3 (18): 38 (26)
Trace|9 bytes
Trace|7 (3A):
Trace|    1 (08): 0 (00)
Trace|    2 (10): 260 (104)
Trace|    3 (18): 39 (27)
Trace|9 bytes
Trace|Encoding offsets and lengths...
Trace|1 (0A):
Trace|    1 (08): 355 (163)
Trace|    2 (10): 49 (31)
Trace|7 bytes
Trace|3 (1A):
Trace|    1 (08): 0 (00)
Trace|    2 (10): 69 (45)
Trace|6 bytes
Trace|4 (22):
Trace|    1 (08): 69 (45)
Trace|    2 (10): 95 (5F)
Trace|6 bytes
Trace|5 (2A):
Trace|    1 (08): 164 (A4)
Trace|    2 (10): 66 (42)
Trace|7 bytes
Trace|9 (4A):
Trace|    1 (08): 230 (E6)
Trace|    2 (10): 43 (2B)
Trace|7 bytes
Trace|11 (5A):
Trace|    1 (08): 273 (111)
Trace|    2 (10): 19 (13)
Trace|7 bytes
Trace|14 (72):
Trace|    1 (08): 292 (124)
Trace|    2 (10): 63 (3F)
Trace|7 bytes
Trace|Writing header...
Trace|Writing parameters offsets and lengths...
Trace|Writing parameters...
Trace|Writing images...
Trace|Resource 0 offset is 0...
Debug|Encoding resource 0...
Trace|Writing image in Raw mode
Trace|No Transparency image...
Trace|Writing image header...
Trace|Width: 126, Height: 294, RowLength: 252
Trace|BPP: 16, PaletteColors: 0, Transaparency: 0
Trace|Writing image...
Trace|Resource 1 offset is 74104...
Debug|Encoding resource 1...
Trace|Writing image in Raw mode
Trace|No Transparency image...
Trace|Writing image header...
Trace|Width: 126, Height: 294, RowLength: 252
Trace|BPP: 16, PaletteColors: 0, Transaparency: 0
Trace|Writing image...
Trace|Resource 2 offset is 148208...
Debug|Encoding resource 2...
Trace|Writing image in Raw mode
Trace|No Transparency image...
Trace|Writing image header...
Trace|Width: 126, Height: 294, RowLength: 252
Trace|BPP: 16, PaletteColors: 0, Transaparency: 0
Trace|Writing image...
Trace|Resource 3 offset is 222312...
Debug|Encoding resource 3...
Trace|Writing image in Raw mode
Trace|Transparency image...
Trace|Writing image header...
Trace|Width: 24, Height: 40, RowLength: 72
Trace|BPP: 24, PaletteColors: 0, Transaparency: 0
Trace|Resource 4 offset is 225208...
Debug|Encoding resource 4...
Trace|Writing image in Raw mode
Trace|Transparency image...
Trace|Writing image header...
Trace|Width: 24, Height: 40, RowLength: 72
Trace|BPP: 24, PaletteColors: 0, Transaparency: 0
Trace|Resource 5 offset is 228104...
Debug|Encoding resource 5...
Trace|Writing image in Raw mode
Trace|Transparency image...
Trace|Writing image header...
Trace|Width: 24, Height: 40, RowLength: 72
Trace|BPP: 24, PaletteColors: 0, Transaparency: 0
Trace|Resource 6 offset is 231000...
Debug|Encoding resource 6...
Trace|Writing image in Raw mode
Trace|Transparency image...
Trace|Writing image header...
Trace|Width: 24, Height: 40, RowLength: 72
Trace|BPP: 24, PaletteColors: 0, Transaparency: 0
Trace|Resource 7 offset is 233896...
Debug|Encoding resource 7...
Trace|Writing image in Raw mode
Trace|Transparency image...
Trace|Writing image header...
Trace|Width: 24, Height: 40, RowLength: 72
Trace|BPP: 24, PaletteColors: 0, Transaparency: 0
Trace|Resource 8 offset is 236792...
Debug|Encoding resource 8...
Trace|Writing image in Raw mode
Trace|Transparency image...
Trace|Writing image header...
Trace|Width: 24, Height: 40, RowLength: 72
Trace|BPP: 24, PaletteColors: 0, Transaparency: 0
Trace|Resource 9 offset is 239688...
Debug|Encoding resource 9...
Trace|Writing image in Raw mode
Trace|Transparency image...
Trace|Writing image header...
Trace|Width: 24, Height: 40, RowLength: 72
Trace|BPP: 24, PaletteColors: 0, Transaparency: 0
Trace|Resource 10 offset is 242584...
Debug|Encoding resource 10...
Trace|Writing image in Raw mode
Trace|Transparency image...
Trace|Writing image header...
Trace|Width: 24, Height: 40, RowLength: 72
Trace|BPP: 24, PaletteColors: 0, Transaparency: 0
Trace|Resource 11 offset is 245480...
Debug|Encoding resource 11...
Trace|Writing image in Raw mode
Trace|Transparency image...
Trace|Writing image header...
Trace|Width: 24, Height: 40, RowLength: 72
Trace|BPP: 24, PaletteColors: 0, Transaparency: 0
Trace|Resource 12 offset is 248376...
Debug|Encoding resource 12...
Trace|Writing image in Raw mode
Trace|Transparency image...
Trace|Writing image header...
Trace|Width: 24, Height: 40, RowLength: 72
Trace|BPP: 24, PaletteColors: 0, Transaparency: 0
Trace|Resource 13 offset is 251272...
Debug|Encoding resource 13...
Trace|Writing image in Raw mode
Trace|Transparency image...
Trace|Writing image header...
Trace|Width: 30, Height: 16, RowLength: 90
Trace|BPP: 24, PaletteColors: 0, Transaparency: 0
Trace|Resource 14 offset is 252728...
Debug|Encoding resource 14...
Trace|Writing image in Raw mode
Trace|Transparency image...
Trace|Writing image header...
Trace|Width: 30, Height: 16, RowLength: 90
Trace|BPP: 24, PaletteColors: 0, Transaparency: 0
Trace|Resource 15 offset is 254184...
Debug|Encoding resource 15...
Trace|Writing image in Raw mode
Trace|Transparency image...
Trace|Writing image header...
Trace|Width: 30, Height: 16, RowLength: 90
Trace|BPP: 24, PaletteColors: 0, Transaparency: 0
Trace|Resource 16 offset is 255640...
Debug|Encoding resource 16...
Trace|Writing image in Raw mode
Trace|Transparency image...
Trace|Writing image header...
Trace|Width: 30, Height: 16, RowLength: 90
Trace|BPP: 24, PaletteColors: 0, Transaparency: 0
Trace|Resource 17 offset is 257096...
Debug|Encoding resource 17...
Trace|Writing image in Raw mode
Trace|Transparency image...
Trace|Writing image header...
Trace|Width: 30, Height: 16, RowLength: 90
Trace|BPP: 24, PaletteColors: 0, Transaparency: 0
Trace|Resource 18 offset is 258552...
Debug|Encoding resource 18...
Trace|Writing image in Raw mode
Trace|Transparency image...
Trace|Writing image header...
Trace|Width: 30, Height: 16, RowLength: 90
Trace|BPP: 24, PaletteColors: 0, Transaparency: 0
Trace|Resource 19 offset is 260008...
Debug|Encoding resource 19...
Trace|Writing image in Raw mode
Trace|Transparency image...
Trace|Writing image header...
Trace|Width: 30, Height: 16, RowLength: 90
Trace|BPP: 24, PaletteColors: 0, Transaparency: 0
Trace|Resource 20 offset is 261464...
Debug|Encoding resource 20...
Trace|Writing image in Raw mode
Trace|Transparency image...
Trace|Writing image header...
Trace|Width: 30, Height: 16, RowLength: 90
Trace|BPP: 24, PaletteColors: 0, Transaparency: 0
Trace|Resource 21 offset is 262920...
Debug|Encoding resource 21...
Trace|Writing image in Raw mode
Trace|Transparency image...
Trace|Writing image header...
Trace|Width: 30, Height: 16, RowLength: 90
Trace|BPP: 24, PaletteColors: 0, Transaparency: 0
Trace|Resource 22 offset is 264376...
Debug|Encoding resource 22...
Trace|Writing image in Raw mode
Trace|Transparency image...
Trace|Writing image header...
Trace|Width: 30, Height: 16, RowLength: 90
Trace|BPP: 24, PaletteColors: 0, Transaparency: 0
Trace|Resource 23 offset is 265832...
Debug|Encoding resource 23...
Trace|Writing image in Raw mode
Trace|Transparency image...
Trace|Writing image header...
Trace|Width: 15, Height: 15, RowLength: 45
Trace|BPP: 24, PaletteColors: 0, Transaparency: 0
Trace|Resource 24 offset is 266523...
Debug|Encoding resource 24...
Trace|Writing image in Raw mode
Trace|Transparency image...
Trace|Writing image header...
Trace|Width: 15, Height: 15, RowLength: 45
Trace|BPP: 24, PaletteColors: 0, Transaparency: 0
Trace|Resource 25 offset is 267214...
Debug|Encoding resource 25...
Trace|Writing image in Raw mode
Trace|Transparency image...
Trace|Writing image header...
Trace|Width: 15, Height: 15, RowLength: 45
Trace|BPP: 24, PaletteColors: 0, Transaparency: 0
Trace|Resource 26 offset is 267905...
Debug|Encoding resource 26...
Trace|Writing image in Raw mode
Trace|Transparency image...
Trace|Writing image header...
Trace|Width: 15, Height: 15, RowLength: 45
Trace|BPP: 24, PaletteColors: 0, Transaparency: 0
Trace|Resource 27 offset is 268596...
Debug|Encoding resource 27...
Trace|Writing image in Raw mode
Trace|Transparency image...
Trace|Writing image header...
Trace|Width: 15, Height: 15, RowLength: 45
Trace|BPP: 24, PaletteColors: 0, Transaparency: 0
Trace|Resource 28 offset is 269287...
Debug|Encoding resource 28...
Trace|Writing image in Raw mode
Trace|Transparency image...
Trace|Writing image header...
Trace|Width: 15, Height: 15, RowLength: 45
Trace|BPP: 24, PaletteColors: 0, Transaparency: 0
Trace|Resource 29 offset is 269978...
Debug|Encoding resource 29...
Trace|Writing image in Raw mode
Trace|Transparency image...
Trace|Writing image header...
Trace|Width: 15, Height: 15, RowLength: 45
Trace|BPP: 24, PaletteColors: 0, Transaparency: 0
Trace|Resource 30 offset is 270669...
Debug|Encoding resource 30...
Trace|Writing image in Raw mode
Trace|Transparency image...
Trace|Writing image header...
Trace|Width: 15, Height: 15, RowLength: 45
Trace|BPP: 24, PaletteColors: 0, Transaparency: 0
Trace|Resource 31 offset is 271360...
Debug|Encoding resource 31...
Trace|Writing image in Raw mode
Trace|Transparency image...
Trace|Writing image header...
Trace|Width: 15, Height: 15, RowLength: 45
Trace|BPP: 24, PaletteColors: 0, Transaparency: 0
Trace|Resource 32 offset is 272051...
Debug|Encoding resource 32...
Trace|Writing image in Raw mode
Trace|Transparency image...
Trace|Writing image header...
Trace|Width: 15, Height: 15, RowLength: 45
Trace|BPP: 24, PaletteColors: 0, Transaparency: 0
Trace|Resource 33 offset is 272742...
Debug|Encoding resource 33...
Trace|Writing image in Raw mode
Trace|Transparency image...
Trace|Writing image header...
Trace|Width: 128, Height: 16, RowLength: 384
Trace|BPP: 24, PaletteColors: 0, Transaparency: 0
Trace|Resource 34 offset is 278902...
Debug|Encoding resource 34...
Trace|Writing image in Raw mode
Trace|Transparency image...
Trace|Writing image header...
Trace|Width: 128, Height: 16, RowLength: 384
Trace|BPP: 24, PaletteColors: 0, Transaparency: 0
Trace|Resource 35 offset is 285062...
Debug|Encoding resource 35...
Trace|Writing image in Raw mode
Trace|Transparency image...
Trace|Writing image header...
Trace|Width: 128, Height: 16, RowLength: 384
Trace|BPP: 24, PaletteColors: 0, Transaparency: 0
Trace|Resource 36 offset is 291222...
Debug|Encoding resource 36...
Trace|Writing image in Raw mode
Trace|Transparency image...
Trace|Writing image header...
Trace|Width: 128, Height: 16, RowLength: 384
Trace|BPP: 24, PaletteColors: 0, Transaparency: 0
Trace|Resource 37 offset is 297382...
Debug|Encoding resource 37...
Trace|Writing image in Raw mode
Trace|Transparency image...
Trace|Writing image header...
Trace|Width: 128, Height: 16, RowLength: 384
Trace|BPP: 24, PaletteColors: 0, Transaparency: 0
Trace|Resource 38 offset is 303542...
Debug|Encoding resource 38...
Trace|Writing image in Raw mode
Trace|Transparency image...
Trace|Writing image header...
Trace|Width: 128, Height: 16, RowLength: 384
Trace|BPP: 24, PaletteColors: 0, Transaparency: 0
Trace|Resource 39 offset is 309702...
Debug|Encoding resource 39...
Trace|Writing image in Raw mode
Trace|Transparency image...
Trace|Writing image header...
Trace|Width: 128, Height: 16, RowLength: 384
Trace|BPP: 24, PaletteColors: 0, Transaparency: 0
Trace|Resource 40 offset is 315862...
Debug|Encoding resource 40...
Trace|Writing image in Raw mode
Trace|Transparency image...
Trace|Writing image header...
Trace|Width: 15, Height: 15, RowLength: 45
Trace|BPP: 24, PaletteColors: 0, Transaparency: 0
Trace|Resource 41 offset is 316553...
Debug|Encoding resource 41...
Trace|Writing image in Raw mode
Trace|Transparency image...
Trace|Writing image header...
Trace|Width: 16, Height: 16, RowLength: 48
Trace|BPP: 24, PaletteColors: 0, Transaparency: 0
Trace|Resource 42 offset is 317337...
Debug|Encoding resource 42...
Trace|Writing image in Raw mode
Trace|Transparency image...
Trace|Writing image header...
Trace|Width: 16, Height: 16, RowLength: 48
Trace|BPP: 24, PaletteColors: 0, Transaparency: 0
Trace|Resource 43 offset is 318121...
Debug|Encoding resource 43...
Trace|Writing image in Raw mode
Trace|Transparency image...
Trace|Writing image header...
Trace|Width: 16, Height: 16, RowLength: 48
Trace|BPP: 24, PaletteColors: 0, Transaparency: 0
Trace|Resource 44 offset is 318905...
Debug|Encoding resource 44...
Trace|Writing image in Raw mode
Trace|Transparency image...
Trace|Writing image header...
Trace|Width: 16, Height: 16, RowLength: 48
Trace|BPP: 24, PaletteColors: 0, Transaparency: 0
Trace|Resource 45 offset is 319689...
Debug|Encoding resource 45...
Trace|Writing image in Raw mode
Trace|Transparency image...
Trace|Writing image header...
Trace|Width: 16, Height: 16, RowLength: 48
Trace|BPP: 24, PaletteColors: 0, Transaparency: 0
Trace|Resource 46 offset is 320473...
Debug|Encoding resource 46...
Trace|Writing image in Raw mode
Trace|Transparency image...
Trace|Writing image header...
Trace|Width: 16, Height: 16, RowLength: 48
Trace|BPP: 24, PaletteColors: 0, Transaparency: 0
Trace|Resource 47 offset is 321257...
Debug|Encoding resource 47...
Trace|Writing image in Raw mode
Trace|Transparency image...
Trace|Writing image header...
Trace|Width: 16, Height: 16, RowLength: 48
Trace|BPP: 24, PaletteColors: 0, Transaparency: 0
Trace|Resource 48 offset is 322041...
Debug|Encoding resource 48...
Trace|Writing image in Raw mode
Trace|Transparency image...
Trace|Writing image header...
Trace|Width: 16, Height: 16, RowLength: 48
Trace|BPP: 24, PaletteColors: 0, Transaparency: 0
Trace|Writing resources offsets table
Debug|Writing resources
